2024-07-29 11:02:54.8613|INFO|Controllers.SubmissionController|/Submission/GroupNames
2024-07-29 11:03:02.0941|INFO|Controllers.SubmissionController|/Submission/TxtNames - Group(test)
2024-07-29 11:03:03.1156|INFO|Controllers.SubmissionController|/Submission/GetFilledQuestion - Group(test), Name(test2.pdf)
2024-07-29 11:03:03.1155|INFO|Controllers.SubmissionController|/Submission/GetSubmission - Group(test, Name(test2.pdf))
2024-07-29 11:03:03.8652|INFO|Controllers.SubmissionController|/Submission/GetQuestion - Group(test), Name(test2.pdf), Question(3))
2024-07-29 11:03:05.1644|INFO|Controllers.SubmissionController|/Submission/TxtNames - Group(fixed)
2024-07-29 11:03:06.4235|INFO|Controllers.SubmissionController|/Submission/GetFilledQuestion - Group(fixed), Name(test2.pdf)
2024-07-29 11:03:06.4239|INFO|Controllers.SubmissionController|/Submission/GetSubmission - Group(fixed, Name(test2.pdf))
2024-07-29 11:03:07.5302|INFO|Controllers.SubmissionController|/Submission/GetQuestion - Group(fixed), Name(test2.pdf), Question(2))
2024-07-29 11:03:59.3495|INFO|Controllers.SubmissionController|/Submission/GroupNames
2024-07-29 11:21:38.3456|INFO|Controllers.SubmissionController|/Submission/GroupNames
2024-07-29 11:21:45.2723|INFO|Controllers.SubmissionController|/Submission/TxtNames - Group(fixed)
2024-07-29 11:21:46.8024|INFO|Controllers.SubmissionController|/Submission/GetFilledQuestion - Group(fixed), Name(testDoc.pdf)
2024-07-29 11:21:46.8028|INFO|Controllers.SubmissionController|/Submission/GetSubmission - Group(fixed, Name(testDoc.pdf))
2024-07-29 11:22:02.6073|INFO|Controllers.SubmissionController|/Submission/GroupNames
2024-07-29 11:22:04.9170|INFO|Controllers.SubmissionController|/Submission/TxtNames - Group(test)
2024-07-29 11:22:06.0212|INFO|Controllers.SubmissionController|/Submission/GetFilledQuestion - Group(test), Name(test2.pdf)
2024-07-29 11:22:06.0212|INFO|Controllers.SubmissionController|/Submission/GetSubmission - Group(test, Name(test2.pdf))
2024-07-29 11:22:08.3088|INFO|Controllers.SubmissionController|/Submission/GetQuestion - Group(test), Name(test2.pdf), Question(1))
2024-07-29 11:22:14.9958|INFO|Controllers.SubmissionController|/Submission/GetQuestion - Group(test), Name(test2.pdf), Question(3))
2024-07-29 13:59:57.1891|INFO|Controllers.SubmissionController|/Submission/GroupNames
2024-07-29 14:23:00.6407|INFO|Controllers.SubmissionController|/Submission/GroupNames
2024-07-29 14:25:05.0740|INFO|Controllers.SubmissionController|/Submission/TxtNames - Group(DemoGroup)
2024-07-29 14:25:06.0545|INFO|Controllers.SubmissionController|/Submission/GetFilledQuestion - Group(DemoGroup), Name(test3.pdf)
2024-07-29 14:25:06.0545|INFO|Controllers.SubmissionController|/Submission/GetSubmission - Group(DemoGroup, Name(test3.pdf))
2024-07-29 14:25:07.6561|INFO|Controllers.SubmissionController|/Submission/GetQuestion - Group(DemoGroup), Name(test3.pdf), Question(2))
2024-07-29 14:25:10.6996|INFO|Controllers.SubmissionController|/Submission/GroupNames
2024-07-29 14:25:13.2843|INFO|Controllers.SubmissionController|/Submission/TxtNames - Group(newerGroup)
2024-07-29 14:25:13.9712|INFO|Controllers.SubmissionController|/Submission/GetSubmission - Group(newerGroup, Name(test3.pdf))
2024-07-29 14:25:13.9712|INFO|Controllers.SubmissionController|/Submission/GetFilledQuestion - Group(newerGroup), Name(test3.pdf)
2024-07-29 14:25:14.9649|INFO|Controllers.SubmissionController|/Submission/GetQuestion - Group(newerGroup), Name(test3.pdf), Question(2))
2024-07-29 14:25:15.6517|INFO|Controllers.SubmissionController|/Submission/TxtNames - Group(NewGroup)
2024-07-29 14:25:16.3309|INFO|Controllers.SubmissionController|/Submission/GetFilledQuestion - Group(NewGroup), Name(test2.pdf)
2024-07-29 14:25:16.3318|INFO|Controllers.SubmissionController|/Submission/GetSubmission - Group(NewGroup, Name(test2.pdf))
2024-07-29 14:25:17.1186|INFO|Controllers.SubmissionController|/Submission/GetQuestion - Group(NewGroup), Name(test2.pdf), Question(1))
2024-07-29 14:25:17.7013|INFO|Controllers.SubmissionController|/Submission/GetQuestion - Group(NewGroup), Name(test2.pdf), Question(2))
2024-07-29 14:25:18.1492|INFO|Controllers.SubmissionController|/Submission/GetQuestion - Group(NewGroup), Name(test2.pdf), Question(3))
2024-07-29 14:25:19.1835|INFO|Controllers.SubmissionController|/Submission/TxtNames - Group(newerGroup)
2024-07-29 14:29:36.6532|INFO|Controllers.SubmissionController|/Submission/GroupNames
2024-07-29 14:30:29.1406|INFO|Controllers.SubmissionController|/Submission/GroupNames
2024-07-29 14:36:32.7806|INFO|Controllers.SubmissionController|/Submission/GroupNames
2024-07-29 14:36:48.5681|INFO|Controllers.SubmissionController|/Submission/GroupNames
2024-07-29 15:06:25.5427|INFO|Controllers.SubmissionController|/Submission/GroupNames
2024-07-29 15:34:35.2281|INFO|Controllers.SubmissionController|/Submission/GroupNames
2024-07-29 15:34:39.5839|INFO|Controllers.SubmissionController|/Submission/TxtNames - Group(fixed)
2024-07-29 15:34:40.6076|INFO|Controllers.SubmissionController|/Submission/GetFilledQuestion - Group(fixed), Name(test2.pdf)
2024-07-29 15:34:40.6076|INFO|Controllers.SubmissionController|/Submission/GetSubmission - Group(fixed, Name(test2.pdf))
2024-07-29 15:34:43.0944|INFO|Controllers.SubmissionController|/Submission/GetQuestion - Group(fixed), Name(test2.pdf), Question(2))
2024-07-29 15:34:43.9594|INFO|Controllers.SubmissionController|/Submission/GetQuestion - Group(fixed), Name(test2.pdf), Question(1))
2024-07-29 15:34:45.4514|INFO|Controllers.SubmissionController|/Submission/TxtNames - Group(newerGroup)
2024-07-29 15:34:47.1333|INFO|Controllers.SubmissionController|/Submission/GetSubmission - Group(newerGroup, Name(test2.pdf))
2024-07-29 15:34:47.1333|INFO|Controllers.SubmissionController|/Submission/GetFilledQuestion - Group(newerGroup), Name(test2.pdf)
2024-07-29 15:34:48.6505|INFO|Controllers.SubmissionController|/Submission/GetQuestion - Group(newerGroup), Name(test2.pdf), Question(2))
2024-07-29 15:34:49.3963|INFO|Controllers.SubmissionController|/Submission/GetQuestion - Group(newerGroup), Name(test2.pdf), Question(3))
2024-07-29 16:28:15.1640|INFO|Controllers.SubmissionController|/Submission/GetQuestion - Group(newerGroup), Name(test2.pdf), Question(2))
2024-07-29 16:28:16.0493|INFO|Controllers.SubmissionController|/Submission/GetQuestion - Group(newerGroup), Name(test2.pdf), Question(3))
2024-07-29 16:28:16.9693|INFO|Controllers.SubmissionController|/Submission/GetSubmission - Group(newerGroup, Name(test2.pdf))
2024-07-29 16:28:21.4496|INFO|Controllers.SubmissionController|/Submission/GetFilledQuestion - Group(newerGroup), Name(test3.pdf)
2024-07-29 16:28:21.4510|INFO|Controllers.SubmissionController|/Submission/GetSubmission - Group(newerGroup, Name(test3.pdf))
2024-07-29 16:28:22.6182|INFO|Controllers.SubmissionController|/Submission/GetQuestion - Group(newerGroup), Name(test3.pdf), Question(2))
2024-07-29 16:28:29.7924|INFO|Controllers.SubmissionController|/Submission/GetQuestion - Group(newerGroup), Name(test3.pdf), Question(1))
2024-07-29 17:16:24.5889|INFO|Controllers.SubmissionController|/Submission/GroupNames
2024-07-29 17:18:56.1607|INFO|Controllers.SubmissionController|/Submission/GroupNames
2024-07-29 17:20:19.8254|INFO|Controllers.SubmissionController|/Submission/GroupNames
2024-07-29 17:21:23.9441|INFO|Controllers.SubmissionController|/Submission/GroupNames
2024-07-29 17:24:56.8222|INFO|Controllers.SubmissionController|/Submission/GroupNames
2024-07-29 17:29:14.3486|INFO|Controllers.SubmissionController|/Submission/GroupNames
2024-07-29 17:30:59.7913|INFO|Controllers.SubmissionController|/Submission/GroupNames
2024-07-29 17:32:52.0342|INFO|Controllers.SubmissionController|/Submission/GroupNames
