2024-07-22 09:12:33.1391|INFO|Controllers.SubmissionController|/Submission/GroupNames
2024-07-22 09:12:39.7485|INFO|Controllers.SubmissionController|/Submission/TxtNames - Group(test)
2024-07-22 09:12:42.0841|INFO|Controllers.SubmissionController|/Submission/TxtNames - Group(DemoGroup)
2024-07-22 09:12:42.9574|INFO|Controllers.SubmissionController|/Submission/TxtNames - Group(fixed)
2024-07-22 09:12:46.3757|INFO|Controllers.SubmissionController|/Submission/GetSubmission - Group(fixed, Name(test2.pdf))
2024-07-22 09:12:46.3757|INFO|Controllers.SubmissionController|/Submission/GetFilledQuestion - Group(fixed), Name(test2.pdf)
2024-07-22 09:12:47.8708|INFO|Controllers.SubmissionController|/Submission/GetQuestion - Group(fixed), Name(test2.pdf), Question(1))
2024-07-22 09:12:49.0719|INFO|Controllers.SubmissionController|/Submission/GetQuestion - Group(fixed), Name(test2.pdf), Question(2))
2024-07-22 09:12:50.2484|INFO|Controllers.SubmissionController|/Submission/GetQuestion - Group(fixed), Name(test2.pdf), Question(3))
2024-07-22 09:12:51.3968|INFO|Controllers.SubmissionController|/Submission/GetSubmission - Group(fixed, Name(test2.pdf))
2024-07-22 09:12:52.9098|INFO|Controllers.SubmissionController|/Submission/TxtNames - Group(DemoGroup)
2024-07-22 09:12:53.3164|INFO|Controllers.SubmissionController|/Submission/TxtNames - Group(test)
2024-07-22 09:28:32.3892|INFO|Controllers.SubmissionController|/Submission/GroupNames
2024-07-22 09:31:01.5952|INFO|Controllers.SubmissionController|/Submission/GroupNames
2024-07-22 09:35:32.5757|INFO|Controllers.SubmissionController|/Submission/GroupNames
2024-07-22 10:32:45.0946|INFO|Controllers.SubmissionController|/Submission/GroupNames
2024-07-22 10:33:40.1647|INFO|Controllers.SubmissionController|/Submission/GroupNames
2024-07-22 10:42:57.1248|INFO|Controllers.SubmissionController|/Submission/GroupNames
2024-07-22 11:03:07.6081|INFO|Controllers.SubmissionController|/Submission/GroupNames
2024-07-22 11:04:15.5248|INFO|Controllers.SubmissionController|/Submission/GroupNames
2024-07-22 11:05:08.8489|INFO|Controllers.SubmissionController|/Submission/GroupNames
2024-07-22 11:20:54.9121|INFO|Controllers.SubmissionController|/Submission/GroupNames
2024-07-22 11:22:36.0958|INFO|Controllers.SubmissionController|/Submission/GroupNames
2024-07-22 11:22:53.3806|INFO|Controllers.SubmissionController|/Submission/GroupNames
2024-07-22 11:26:54.9427|INFO|Controllers.SubmissionController|/Submission/GroupNames
2024-07-22 11:28:03.8865|INFO|Controllers.SubmissionController|/Submission/GroupNames
2024-07-22 11:29:04.2671|INFO|Controllers.SubmissionController|/Submission/GroupNames
2024-07-22 11:29:07.2238|INFO|Controllers.SubmissionController|/Submission/GroupNames
2024-07-22 11:38:51.7921|INFO|Controllers.SubmissionController|/Submission/GroupNames
2024-07-22 11:40:46.0630|INFO|Controllers.SubmissionController|/Submission/GroupNames
2024-07-22 11:46:51.7178|INFO|Controllers.SubmissionController|/Submission/GroupNames
2024-07-22 11:49:46.1581|INFO|Controllers.SubmissionController|/Submission/GroupNames
