2024-07-16 09:54:18.2465|INFO|Controllers.SubmissionController|/Submission/GroupNames
2024-07-16 09:54:20.6400|INFO|Controllers.SubmissionController|/Submission/TxtNames - Group(test)
2024-07-16 09:54:20.6400|INFO|Controllers.SubmissionController|/Submission/GetSubmission - Group(test, Name(undefined))
2024-07-16 09:54:21.5112|INFO|Controllers.SubmissionController|/Submission/GetSubmission - Group(test, Name(test3.pdf))
2024-07-16 09:54:21.5130|INFO|Controllers.SubmissionController|/Submission/GetFilledQuestion - Group(test), Name(test3.pdf)
2024-07-16 09:54:33.3175|INFO|Controllers.SearchController|/Search/FindMatches - Group(test), Name(test3.pdf), Pattern(nine), Limit(0)
2024-07-16 09:54:33.3967|INFO|Controllers.SearchController|/Search/FindMatches - Group(test), Name(test3.pdf), Pattern(nine), Limit(0)
2024-07-16 09:55:26.8822|INFO|Controllers.SearchController|/Search/FindMatches - Group(test), Name(test3.pdf), Pattern(nine), Limit(0)
2024-07-16 09:56:32.0105|INFO|Controllers.SearchController|/Search/FindMatches - Group(test), Name(test3.pdf), Pattern(none), Limit(0)
2024-07-16 09:56:44.2770|INFO|Controllers.SearchController|/Search/FindMatches - Group(test), Name(test3.pdf), Pattern(this), Limit(0)
2024-07-16 09:56:56.1792|INFO|Controllers.SubmissionController|/Submission/GetFilledQuestion - Group(test), Name(test2.pdf)
2024-07-16 09:56:56.1792|INFO|Controllers.SubmissionController|/Submission/GetSubmission - Group(test, Name(test2.pdf))
2024-07-16 09:56:56.1792|INFO|Controllers.SearchController|/Search/FindMatches - Group(test), Name(test2.pdf), Pattern(nine), Limit(0)
2024-07-16 09:56:58.7649|INFO|Controllers.SubmissionController|/Submission/GetFilledQuestion - Group(test), Name(test3.pdf)
2024-07-16 09:56:58.7649|INFO|Controllers.SubmissionController|/Submission/GetSubmission - Group(test, Name(test3.pdf))
2024-07-16 10:10:03.7007|INFO|Controllers.SearchController|/Search/FindMatches - Group(test), Name(test3.pdf), Pattern(Zeuthen), Limit(0)
2024-07-16 10:10:04.2802|INFO|Controllers.SearchController|/Search/FindMatches - Group(test), Name(test3.pdf), Pattern(Zeuthen), Limit(0)
2024-07-16 10:15:49.0190|INFO|Controllers.SearchController|/Search/FindMatches - Group(test), Name(test3.pdf), Pattern(variable), Limit(0)
2024-07-16 10:15:49.5168|INFO|Controllers.SearchController|/Search/FindMatches - Group(test), Name(test3.pdf), Pattern(variable), Limit(0)
2024-07-16 10:16:02.8845|INFO|Controllers.SearchController|/Search/FindMatches - Group(test), Name(test3.pdf), Pattern(test), Limit(0)
2024-07-16 10:16:02.9698|INFO|Controllers.SearchController|/Search/FindMatches - Group(test), Name(test3.pdf), Pattern(test), Limit(0)
2024-07-16 10:16:11.1414|INFO|Controllers.SearchController|/Search/FindMatches - Group(test), Name(test3.pdf), Pattern(asdfasdf), Limit(0)
2024-07-16 10:16:11.1966|INFO|Controllers.SearchController|/Search/FindMatches - Group(test), Name(test3.pdf), Pattern(asdfasdf), Limit(0)
2024-07-16 10:18:57.4384|INFO|Controllers.SearchController|/Search/FindMatches - Group(test), Name(test3.pdf), Pattern(asdfasdf), Limit(0)
2024-07-16 10:18:57.4515|INFO|Controllers.SubmissionController|/Submission/GetQuestion - Group(test), Name(test3.pdf), Question(1))
2024-07-16 10:19:03.0894|INFO|Controllers.SubmissionController|/Submission/GetQuestion - Group(test), Name(test3.pdf), Question(2))
2024-07-16 10:19:04.6667|INFO|Controllers.SubmissionController|/Submission/GetQuestion - Group(test), Name(test3.pdf), Question(1))
2024-07-16 10:19:05.7061|INFO|Controllers.SubmissionController|/Submission/GetQuestion - Group(test), Name(test3.pdf), Question(2))
2024-07-16 10:19:06.6104|INFO|Controllers.SubmissionController|/Submission/GetQuestion - Group(test), Name(test3.pdf), Question(1))
2024-07-16 10:19:08.2904|INFO|Controllers.SubmissionController|/Submission/GetSubmission - Group(test, Name(test3.pdf))
2024-07-16 10:19:09.4760|INFO|Controllers.SubmissionController|/Submission/GetSubmission - Group(test, Name(test2.pdf))
2024-07-16 10:19:09.4760|INFO|Controllers.SubmissionController|/Submission/GetFilledQuestion - Group(test), Name(test2.pdf)
2024-07-16 10:24:10.4637|INFO|Controllers.SubmissionController|/Submission/GetSubmission - Group(fixed, Name(undefined))
2024-07-16 10:24:10.4637|INFO|Controllers.SubmissionController|/Submission/TxtNames - Group(fixed)
2024-07-16 10:24:25.7036|INFO|Controllers.SubmissionController|/Submission/GetSubmission - Group(test, Name(undefined))
2024-07-16 10:24:25.7036|INFO|Controllers.SubmissionController|/Submission/TxtNames - Group(test)
2024-07-16 10:24:38.1175|INFO|Controllers.SubmissionController|/Submission/GetSubmission - Group(test, Name(test2.pdf))
2024-07-16 10:24:38.1175|INFO|Controllers.SubmissionController|/Submission/GetFilledQuestion - Group(test), Name(test2.pdf)
2024-07-16 10:24:44.1923|INFO|Controllers.SubmissionController|/Submission/GetQuestion - Group(test), Name(test2.pdf), Question(2))
2024-07-16 10:24:46.0237|INFO|Controllers.SubmissionController|/Submission/TxtNames - Group(fixed)
2024-07-16 10:24:46.0250|INFO|Controllers.SubmissionController|/Submission/GetSubmission - Group(fixed, Name(undefined))
2024-07-16 10:24:51.8885|INFO|Controllers.SubmissionController|/Submission/GetFilledQuestion - Group(fixed), Name(test2.pdf)
2024-07-16 10:24:51.8885|INFO|Controllers.SubmissionController|/Submission/GetSubmission - Group(fixed, Name(test2.pdf))
2024-07-16 10:24:52.9624|INFO|Controllers.SubmissionController|/Submission/GetQuestion - Group(fixed), Name(test2.pdf), Question(3))
2024-07-16 10:24:56.6687|INFO|Controllers.SubmissionController|/Submission/GetQuestion - Group(fixed), Name(test2.pdf), Question(2))
2024-07-16 10:25:20.9231|INFO|Controllers.SearchController|/Search/FindMatches - Group(fixed), Name(test2.pdf), Pattern(get), Limit(1)
2024-07-16 10:25:20.9936|INFO|Controllers.SearchController|/Search/FindMatches - Group(fixed), Name(test2.pdf), Pattern(get), Limit(1)
2024-07-16 10:25:38.9916|INFO|Controllers.SearchController|/Search/FindMatches - Group(fixed), Name(test2.pdf), Pattern(MR), Limit(0)
2024-07-16 10:25:39.0620|INFO|Controllers.SearchController|/Search/FindMatches - Group(fixed), Name(test2.pdf), Pattern(MR), Limit(0)
2024-07-16 10:30:07.2515|INFO|Controllers.SubmissionController|/Submission/GroupNames
2024-07-16 10:30:08.4180|INFO|Controllers.SubmissionController|/Submission/GetSubmission - Group(test, Name(undefined))
2024-07-16 10:30:08.4180|INFO|Controllers.SubmissionController|/Submission/TxtNames - Group(test)
2024-07-16 10:30:09.9935|INFO|Controllers.SubmissionController|/Submission/GetFilledQuestion - Group(test), Name(test2.pdf)
2024-07-16 10:30:09.9935|INFO|Controllers.SubmissionController|/Submission/GetSubmission - Group(test, Name(test2.pdf))
2024-07-16 10:30:24.7525|INFO|Controllers.SearchController|/Search/FindMatches - Group(test), Name(test2.pdf), Pattern(bananas), Limit(3)
2024-07-16 10:30:24.8136|INFO|Controllers.SearchController|/Search/FindMatches - Group(test), Name(test2.pdf), Pattern(bananas), Limit(3)
2024-07-16 10:32:17.3039|INFO|Controllers.SubmissionController|/Submission/GroupNames
2024-07-16 10:32:18.8219|INFO|Controllers.SubmissionController|/Submission/TxtNames - Group(test)
2024-07-16 10:32:18.8219|INFO|Controllers.SubmissionController|/Submission/GetSubmission - Group(test, Name(undefined))
2024-07-16 10:32:20.4108|INFO|Controllers.SubmissionController|/Submission/GetFilledQuestion - Group(test), Name(test3.pdf)
2024-07-16 10:32:20.4108|INFO|Controllers.SubmissionController|/Submission/GetSubmission - Group(test, Name(test3.pdf))
2024-07-16 10:33:49.1404|INFO|Controllers.SubmissionController|/Submission/GetSubmission - Group(test, Name(undefined))
2024-07-16 10:34:04.4294|INFO|Controllers.SubmissionController|/Submission/GetFilledQuestion - Group(test), Name(test3.pdf)
2024-07-16 10:34:04.4294|INFO|Controllers.SubmissionController|/Submission/GetSubmission - Group(test, Name(test3.pdf))
2024-07-16 10:34:21.2616|INFO|Controllers.SubmissionController|/Submission/GroupNames
2024-07-16 10:34:22.2982|INFO|Controllers.SubmissionController|/Submission/TxtNames - Group(test)
2024-07-16 10:34:22.2986|INFO|Controllers.SubmissionController|/Submission/GetSubmission - Group(test, Name(undefined))
2024-07-16 10:34:27.4185|INFO|Controllers.SubmissionController|/Submission/GetFilledQuestion - Group(test), Name(test2.pdf)
2024-07-16 10:34:27.4202|INFO|Controllers.SubmissionController|/Submission/GetSubmission - Group(test, Name(test2.pdf))
2024-07-16 10:34:33.5621|INFO|Controllers.SearchController|/Search/FindMatches - Group(test), Name(test2.pdf), Pattern(hello), Limit(2)
2024-07-16 10:34:33.6183|INFO|Controllers.SearchController|/Search/FindMatches - Group(test), Name(test2.pdf), Pattern(hello), Limit(2)
2024-07-16 10:34:42.2906|INFO|Controllers.SearchController|/Search/FindMatches - Group(test), Name(test2.pdf), Pattern(asdfasdfasdf), Limit(4)
2024-07-16 10:34:42.3543|INFO|Controllers.SearchController|/Search/FindMatches - Group(test), Name(test2.pdf), Pattern(asdfasdfasdf), Limit(4)
2024-07-16 10:36:20.2232|INFO|Controllers.SearchController|/Search/FindMatches - Group(test), Name(test2.pdf), Pattern(asdfasdfasdf), Limit(4)
2024-07-16 10:36:20.2232|INFO|Controllers.SubmissionController|/Submission/GetQuestion - Group(test), Name(test2.pdf), Question(3))
2024-07-16 10:36:23.4411|INFO|Controllers.SubmissionController|/Submission/GetQuestion - Group(test), Name(test2.pdf), Question(2))
2024-07-16 10:36:32.0635|INFO|Controllers.SearchController|/Search/FindMatches - Group(test), Name(test2.pdf), Pattern(asdfasd), Limit(3)
2024-07-16 10:36:32.1351|INFO|Controllers.SearchController|/Search/FindMatches - Group(test), Name(test2.pdf), Pattern(asdfasd), Limit(3)
2024-07-16 11:03:19.5896|INFO|Controllers.SubmissionController|/Submission/GroupNames
2024-07-16 11:07:55.5433|INFO|Controllers.SubmissionController|/Submission/GetSubmission - Group(test, Name(undefined))
2024-07-16 11:07:55.5433|INFO|Controllers.SubmissionController|/Submission/TxtNames - Group(test)
2024-07-16 11:07:56.1154|INFO|Controllers.SubmissionController|/Submission/GetFilledQuestion - Group(test), Name(test2.pdf)
2024-07-16 11:07:56.1162|INFO|Controllers.SubmissionController|/Submission/GetSubmission - Group(test, Name(test2.pdf))
2024-07-16 11:07:57.8038|INFO|Controllers.SubmissionController|/Submission/GetQuestion - Group(test), Name(test2.pdf), Question(3))
2024-07-16 11:07:58.5006|INFO|Controllers.SubmissionController|/Submission/GetQuestion - Group(test), Name(test2.pdf), Question(2))
2024-07-16 11:08:00.0842|INFO|Controllers.SubmissionController|/Submission/GetQuestion - Group(test), Name(test2.pdf), Question(1))
2024-07-16 11:08:01.6396|INFO|Controllers.SubmissionController|/Submission/TxtNames - Group(fixed)
2024-07-16 11:08:01.6396|INFO|Controllers.SubmissionController|/Submission/GetSubmission - Group(fixed, Name(undefined))
2024-07-16 11:08:11.8694|INFO|Controllers.SubmissionController|/Submission/TxtNames - Group(test)
2024-07-16 11:08:11.8694|INFO|Controllers.SubmissionController|/Submission/GetSubmission - Group(test, Name(undefined))
2024-07-16 11:08:13.2832|INFO|Controllers.SubmissionController|/Submission/GetSubmission - Group(fixed, Name(undefined))
2024-07-16 11:08:13.2832|INFO|Controllers.SubmissionController|/Submission/TxtNames - Group(fixed)
2024-07-16 11:08:14.2076|INFO|Controllers.SubmissionController|/Submission/GetFilledQuestion - Group(fixed), Name(test2.pdf)
2024-07-16 11:08:14.2081|INFO|Controllers.SubmissionController|/Submission/GetSubmission - Group(fixed, Name(test2.pdf))
2024-07-16 11:08:15.6394|INFO|Controllers.SubmissionController|/Submission/GetQuestion - Group(fixed), Name(test2.pdf), Question(3))
2024-07-16 11:08:18.5440|INFO|Controllers.SubmissionController|/Submission/GetQuestion - Group(fixed), Name(test2.pdf), Question(2))
2024-07-16 11:08:20.1013|INFO|Controllers.SubmissionController|/Submission/GetQuestion - Group(fixed), Name(test2.pdf), Question(1))
2024-07-16 11:08:23.9417|INFO|Controllers.SubmissionController|/Submission/TxtNames - Group(test)
2024-07-16 11:08:23.9427|INFO|Controllers.SubmissionController|/Submission/GetSubmission - Group(test, Name(undefined))
2024-07-16 11:08:27.9818|INFO|Controllers.SubmissionController|/Submission/GetSubmission - Group(test, Name(test2.pdf))
2024-07-16 11:08:27.9818|INFO|Controllers.SubmissionController|/Submission/GetFilledQuestion - Group(test), Name(test2.pdf)
2024-07-16 11:08:29.6134|INFO|Controllers.SubmissionController|/Submission/GetQuestion - Group(test), Name(test2.pdf), Question(2))
2024-07-16 11:08:30.9994|INFO|Controllers.SubmissionController|/Submission/GetQuestion - Group(test), Name(test2.pdf), Question(3))
2024-07-16 11:08:32.1225|INFO|Controllers.SubmissionController|/Submission/GetQuestion - Group(test), Name(test2.pdf), Question(1))
2024-07-16 11:08:32.9366|INFO|Controllers.SubmissionController|/Submission/GetQuestion - Group(test), Name(test2.pdf), Question(2))
2024-07-16 11:08:34.3625|INFO|Controllers.SubmissionController|/Submission/TxtNames - Group(fixed)
2024-07-16 11:08:34.3625|INFO|Controllers.SubmissionController|/Submission/GetSubmission - Group(fixed, Name(undefined))
2024-07-16 11:08:35.9580|INFO|Controllers.SubmissionController|/Submission/GetFilledQuestion - Group(fixed), Name(test2.pdf)
2024-07-16 11:08:35.9583|INFO|Controllers.SubmissionController|/Submission/GetSubmission - Group(fixed, Name(test2.pdf))
2024-07-16 11:08:36.7049|INFO|Controllers.SubmissionController|/Submission/GetQuestion - Group(fixed), Name(test2.pdf), Question(2))
2024-07-16 11:08:37.2062|INFO|Controllers.SubmissionController|/Submission/GetQuestion - Group(fixed), Name(test2.pdf), Question(3))
2024-07-16 11:08:37.7898|INFO|Controllers.SubmissionController|/Submission/GetSubmission - Group(fixed, Name(test2.pdf))
2024-07-16 11:08:38.4695|INFO|Controllers.SubmissionController|/Submission/GetQuestion - Group(fixed), Name(test2.pdf), Question(1))
2024-07-16 11:08:38.9264|INFO|Controllers.SubmissionController|/Submission/GetQuestion - Group(fixed), Name(test2.pdf), Question(2))
2024-07-16 11:08:39.3381|INFO|Controllers.SubmissionController|/Submission/GetQuestion - Group(fixed), Name(test2.pdf), Question(3))
2024-07-16 11:08:39.8862|INFO|Controllers.SubmissionController|/Submission/TxtNames - Group(test)
2024-07-16 11:08:39.8862|INFO|Controllers.SubmissionController|/Submission/GetSubmission - Group(test, Name(undefined))
2024-07-16 11:08:40.5140|INFO|Controllers.SubmissionController|/Submission/GetFilledQuestion - Group(test), Name(blank.pdf)
2024-07-16 11:08:40.5140|INFO|Controllers.SubmissionController|/Submission/GetSubmission - Group(test, Name(blank.pdf))
2024-07-16 11:08:42.2868|INFO|Controllers.SubmissionController|/Submission/GetFilledQuestion - Group(test), Name(test3.pdf)
2024-07-16 11:08:42.2868|INFO|Controllers.SubmissionController|/Submission/GetSubmission - Group(test, Name(test3.pdf))
2024-07-16 11:08:43.7757|INFO|Controllers.SubmissionController|/Submission/GetQuestion - Group(test), Name(test3.pdf), Question(2))
2024-07-16 11:08:44.5118|INFO|Controllers.SubmissionController|/Submission/GetQuestion - Group(test), Name(test3.pdf), Question(1))
2024-07-16 11:08:45.5778|INFO|Controllers.SubmissionController|/Submission/GetFilledQuestion - Group(test), Name(test2.pdf)
2024-07-16 11:08:45.5785|INFO|Controllers.SubmissionController|/Submission/GetSubmission - Group(test, Name(test2.pdf))
2024-07-16 11:08:46.3011|INFO|Controllers.SubmissionController|/Submission/GetQuestion - Group(test), Name(test2.pdf), Question(2))
2024-07-16 11:08:46.7393|INFO|Controllers.SubmissionController|/Submission/GetQuestion - Group(test), Name(test2.pdf), Question(3))
2024-07-16 11:08:47.1472|INFO|Controllers.SubmissionController|/Submission/GetFilledQuestion - Group(test), Name(test3.pdf)
2024-07-16 11:08:47.1505|INFO|Controllers.SubmissionController|/Submission/GetSubmission - Group(test, Name(test3.pdf))
2024-07-16 11:08:47.5411|INFO|Controllers.SubmissionController|/Submission/TxtNames - Group(fixed)
2024-07-16 11:08:47.5411|INFO|Controllers.SubmissionController|/Submission/GetSubmission - Group(fixed, Name(undefined))
2024-07-16 11:08:48.7693|INFO|Controllers.SubmissionController|/Submission/GetFilledQuestion - Group(fixed), Name(test2.pdf)
2024-07-16 11:08:48.7698|INFO|Controllers.SubmissionController|/Submission/GetSubmission - Group(fixed, Name(test2.pdf))
2024-07-16 11:08:49.5699|INFO|Controllers.SubmissionController|/Submission/GetQuestion - Group(fixed), Name(test2.pdf), Question(3))
2024-07-16 11:08:50.0065|INFO|Controllers.SubmissionController|/Submission/GetQuestion - Group(fixed), Name(test2.pdf), Question(2))
2024-07-16 11:08:50.4166|INFO|Controllers.SubmissionController|/Submission/GetQuestion - Group(fixed), Name(test2.pdf), Question(1))
2024-07-16 11:08:51.2840|INFO|Controllers.SubmissionController|/Submission/TxtNames - Group(test)
2024-07-16 11:08:51.2851|INFO|Controllers.SubmissionController|/Submission/GetSubmission - Group(test, Name(undefined))
2024-07-16 11:08:51.8105|INFO|Controllers.SubmissionController|/Submission/GetFilledQuestion - Group(test), Name(blank.pdf)
2024-07-16 11:08:51.8109|INFO|Controllers.SubmissionController|/Submission/GetSubmission - Group(test, Name(blank.pdf))
2024-07-16 11:08:52.4480|INFO|Controllers.SubmissionController|/Submission/GetSubmission - Group(test, Name(test2.pdf))
2024-07-16 11:08:52.4480|INFO|Controllers.SubmissionController|/Submission/GetFilledQuestion - Group(test), Name(test2.pdf)
2024-07-16 11:08:53.7850|INFO|Controllers.SubmissionController|/Submission/GetQuestion - Group(test), Name(test2.pdf), Question(2))
2024-07-16 11:08:54.0448|INFO|Controllers.SubmissionController|/Submission/GetQuestion - Group(test), Name(test2.pdf), Question(3))
2024-07-16 11:08:54.3833|INFO|Controllers.SubmissionController|/Submission/GetFilledQuestion - Group(test), Name(test3.pdf)
2024-07-16 11:08:54.3833|INFO|Controllers.SubmissionController|/Submission/GetSubmission - Group(test, Name(test3.pdf))
2024-07-16 11:08:54.7202|INFO|Controllers.SubmissionController|/Submission/TxtNames - Group(fixed)
2024-07-16 11:08:54.7202|INFO|Controllers.SubmissionController|/Submission/GetSubmission - Group(fixed, Name(undefined))
2024-07-16 11:08:55.6243|INFO|Controllers.SubmissionController|/Submission/GetFilledQuestion - Group(fixed), Name(test2.pdf)
2024-07-16 11:08:55.6249|INFO|Controllers.SubmissionController|/Submission/GetSubmission - Group(fixed, Name(test2.pdf))
2024-07-16 11:08:56.4567|INFO|Controllers.SubmissionController|/Submission/TxtNames - Group(test)
2024-07-16 11:08:56.4567|INFO|Controllers.SubmissionController|/Submission/GetSubmission - Group(test, Name(undefined))
2024-07-16 11:08:56.7999|INFO|Controllers.SubmissionController|/Submission/GetFilledQuestion - Group(test), Name(blank.pdf)
2024-07-16 11:08:56.7999|INFO|Controllers.SubmissionController|/Submission/GetSubmission - Group(test, Name(blank.pdf))
2024-07-16 11:08:57.3676|INFO|Controllers.SubmissionController|/Submission/GetFilledQuestion - Group(test), Name(test3.pdf)
2024-07-16 11:08:57.3676|INFO|Controllers.SubmissionController|/Submission/GetSubmission - Group(test, Name(test3.pdf))
2024-07-16 11:08:57.6441|INFO|Controllers.SubmissionController|/Submission/GetQuestion - Group(test), Name(test3.pdf), Question(1))
2024-07-16 11:08:57.9506|INFO|Controllers.SubmissionController|/Submission/GetQuestion - Group(test), Name(test3.pdf), Question(2))
2024-07-16 11:08:58.5446|INFO|Controllers.SubmissionController|/Submission/GetFilledQuestion - Group(test), Name(test2.pdf)
2024-07-16 11:08:58.5446|INFO|Controllers.SubmissionController|/Submission/GetSubmission - Group(test, Name(test2.pdf))
2024-07-16 11:08:58.7710|INFO|Controllers.SubmissionController|/Submission/GetSubmission - Group(test, Name(blank.pdf))
2024-07-16 11:08:58.7710|INFO|Controllers.SubmissionController|/Submission/GetFilledQuestion - Group(test), Name(blank.pdf)
2024-07-16 11:08:59.2358|INFO|Controllers.SubmissionController|/Submission/GetSubmission - Group(test, Name(undefined))
2024-07-16 11:08:59.5650|INFO|Controllers.SubmissionController|/Submission/GetSubmission - Group(test, Name(blank.pdf))
2024-07-16 11:08:59.5650|INFO|Controllers.SubmissionController|/Submission/GetFilledQuestion - Group(test), Name(blank.pdf)
2024-07-16 11:08:59.9379|INFO|Controllers.SubmissionController|/Submission/GetFilledQuestion - Group(test), Name(test2.pdf)
2024-07-16 11:08:59.9387|INFO|Controllers.SubmissionController|/Submission/GetSubmission - Group(test, Name(test2.pdf))
2024-07-16 11:09:00.4688|INFO|Controllers.SubmissionController|/Submission/GetQuestion - Group(test), Name(test2.pdf), Question(2))
2024-07-16 11:35:54.3938|INFO|Controllers.SubmissionController|/Submission/GroupNames
2024-07-16 11:35:56.1924|INFO|Controllers.SubmissionController|/Submission/TxtNames - Group(test)
2024-07-16 11:35:56.1932|INFO|Controllers.SubmissionController|/Submission/GetSubmission - Group(test, Name(undefined))
2024-07-16 11:35:57.4203|INFO|Controllers.SubmissionController|/Submission/GetSubmission - Group(test, Name(test2.pdf))
2024-07-16 11:35:57.4203|INFO|Controllers.SubmissionController|/Submission/GetFilledQuestion - Group(test), Name(test2.pdf)
2024-07-16 11:36:24.9664|INFO|Controllers.SubmissionController|/Submission/GetQuestion - Group(test), Name(test2.pdf), Question(3))
2024-07-16 11:36:49.5107|INFO|Controllers.SubmissionController|/Submission/GetQuestion - Group(test), Name(test2.pdf), Question(2))
2024-07-16 11:37:32.5032|INFO|Controllers.SearchController|/Search/FindMatches - Group(test), Name(test2.pdf), Pattern(asdfasdfasdfassdf), Limit(6)
2024-07-16 11:37:32.5692|INFO|Controllers.SearchController|/Search/FindMatches - Group(test), Name(test2.pdf), Pattern(asdfasdfasdfassdf), Limit(6)
2024-07-16 11:39:22.7347|INFO|Controllers.SubmissionController|/Submission/GroupNames
2024-07-16 11:39:24.6460|INFO|Controllers.SubmissionController|/Submission/TxtNames - Group(test)
2024-07-16 11:39:24.6460|INFO|Controllers.SubmissionController|/Submission/GetSubmission - Group(test, Name(undefined))
2024-07-16 11:39:26.2441|INFO|Controllers.SubmissionController|/Submission/GetSubmission - Group(test, Name(test2.pdf))
2024-07-16 11:39:26.2441|INFO|Controllers.SubmissionController|/Submission/GetFilledQuestion - Group(test), Name(test2.pdf)
2024-07-16 11:39:33.8472|INFO|Controllers.SubmissionController|/Submission/GetQuestion - Group(test), Name(test2.pdf), Question(2))
2024-07-16 11:40:27.1866|INFO|Controllers.SubmissionController|/Submission/GetQuestion - Group(test), Name(test2.pdf), Question(3))
2024-07-16 11:40:39.8670|INFO|Controllers.SubmissionController|/Submission/GetQuestion - Group(test), Name(test2.pdf), Question(2))
2024-07-16 11:40:45.8752|INFO|Controllers.SubmissionController|/Submission/TxtNames - Group(fixed)
2024-07-16 11:40:45.8752|INFO|Controllers.SubmissionController|/Submission/GetSubmission - Group(fixed, Name(undefined))
2024-07-16 11:40:52.9670|INFO|Controllers.SubmissionController|/Submission/GetFilledQuestion - Group(fixed), Name(test2.pdf)
2024-07-16 11:40:52.9670|INFO|Controllers.SubmissionController|/Submission/GetSubmission - Group(fixed, Name(test2.pdf))
2024-07-16 11:40:58.2257|INFO|Controllers.SubmissionController|/Submission/GetQuestion - Group(fixed), Name(test2.pdf), Question(2))
2024-07-16 11:41:08.9899|INFO|Controllers.SearchController|/Search/FindMatches - Group(fixed), Name(test2.pdf), Pattern(dsfasdfa), Limit(3)
2024-07-16 11:41:09.0558|INFO|Controllers.SearchController|/Search/FindMatches - Group(fixed), Name(test2.pdf), Pattern(dsfasdfa), Limit(3)
2024-07-16 11:48:30.4077|INFO|Controllers.SubmissionController|/Submission/GroupNames
2024-07-16 11:48:32.3090|INFO|Controllers.SubmissionController|/Submission/TxtNames - Group(test)
2024-07-16 11:48:32.3090|INFO|Controllers.SubmissionController|/Submission/GetSubmission - Group(test, Name(undefined))
2024-07-16 11:48:33.6018|INFO|Controllers.SubmissionController|/Submission/GetFilledQuestion - Group(test), Name(test2.pdf)
2024-07-16 11:48:33.6018|INFO|Controllers.SubmissionController|/Submission/GetSubmission - Group(test, Name(test2.pdf))
2024-07-16 11:48:36.6350|INFO|Controllers.SubmissionController|/Submission/GetQuestion - Group(test), Name(test2.pdf), Question(2))
2024-07-16 11:48:41.5678|INFO|Controllers.SearchController|/Search/FindMatches - Group(test), Name(test2.pdf), Pattern(asdsadads), Limit(3)
2024-07-16 11:48:41.6385|INFO|Controllers.SearchController|/Search/FindMatches - Group(test), Name(test2.pdf), Pattern(asdsadads), Limit(3)
2024-07-16 11:58:25.5556|INFO|Controllers.SubmissionController|/Submission/GroupNames
2024-07-16 11:58:26.9013|INFO|Controllers.SubmissionController|/Submission/TxtNames - Group(test)
2024-07-16 11:58:26.9013|INFO|Controllers.SubmissionController|/Submission/GetSubmission - Group(test, Name(undefined))
2024-07-16 11:58:28.2655|INFO|Controllers.SubmissionController|/Submission/GetFilledQuestion - Group(test), Name(test2.pdf)
2024-07-16 11:58:28.2655|INFO|Controllers.SubmissionController|/Submission/GetSubmission - Group(test, Name(test2.pdf))
2024-07-16 11:58:33.9315|INFO|Controllers.SearchController|/Search/FindMatches - Group(test), Name(test2.pdf), Pattern(hjklkjhklkjh), Limit(4)
2024-07-16 11:58:33.9890|INFO|Controllers.SearchController|/Search/FindMatches - Group(test), Name(test2.pdf), Pattern(hjklkjhklkjh), Limit(4)
2024-07-16 12:00:18.1569|INFO|Controllers.SubmissionController|/Submission/GroupNames
2024-07-16 12:00:21.0127|INFO|Controllers.SubmissionController|/Submission/TxtNames - Group(test)
2024-07-16 12:00:21.0127|INFO|Controllers.SubmissionController|/Submission/GetSubmission - Group(test, Name(undefined))
2024-07-16 12:00:22.2302|INFO|Controllers.SubmissionController|/Submission/GetFilledQuestion - Group(test), Name(test3.pdf)
2024-07-16 12:00:22.2302|INFO|Controllers.SubmissionController|/Submission/GetSubmission - Group(test, Name(test3.pdf))
2024-07-16 12:00:23.9868|INFO|Controllers.SubmissionController|/Submission/GetQuestion - Group(test), Name(test3.pdf), Question(2))
2024-07-16 12:00:37.9433|INFO|Controllers.SearchController|/Search/FindMatches - Group(test), Name(test3.pdf), Pattern(as;dlkfja;sldkf), Limit(5)
2024-07-16 12:00:38.0056|INFO|Controllers.SearchController|/Search/FindMatches - Group(test), Name(test3.pdf), Pattern(as;dlkfja;sldkf), Limit(5)
2024-07-16 12:01:25.4147|INFO|Controllers.SubmissionController|/Submission/GetQuestion - Group(test), Name(test3.pdf), Question(1))
2024-07-16 12:01:25.4147|INFO|Controllers.SearchController|/Search/FindMatches - Group(test), Name(test3.pdf), Pattern(as;dlkfja;sldkf), Limit(5)
2024-07-16 12:01:53.7476|INFO|Controllers.SubmissionController|/Submission/GroupNames
2024-07-16 12:01:54.9659|INFO|Controllers.SubmissionController|/Submission/TxtNames - Group(test)
2024-07-16 12:01:54.9680|INFO|Controllers.SubmissionController|/Submission/GetSubmission - Group(test, Name(undefined))
2024-07-16 12:01:55.6756|INFO|Controllers.SubmissionController|/Submission/GetFilledQuestion - Group(test), Name(test2.pdf)
2024-07-16 12:01:55.6756|INFO|Controllers.SubmissionController|/Submission/GetSubmission - Group(test, Name(test2.pdf))
2024-07-16 12:01:56.7828|INFO|Controllers.SubmissionController|/Submission/GetQuestion - Group(test), Name(test2.pdf), Question(1))
2024-07-16 12:02:01.8480|INFO|Controllers.SearchController|/Search/FindMatches - Group(test), Name(test2.pdf), Pattern(aasdfadf), Limit(3)
2024-07-16 12:02:01.9100|INFO|Controllers.SearchController|/Search/FindMatches - Group(test), Name(test2.pdf), Pattern(aasdfadf), Limit(3)
2024-07-16 12:02:17.0983|INFO|Controllers.SubmissionController|/Submission/GetQuestion - Group(test), Name(test2.pdf), Question(2))
2024-07-16 12:02:17.0983|INFO|Controllers.SearchController|/Search/FindMatches - Group(test), Name(test2.pdf), Pattern(aasdfadf), Limit(3)
2024-07-16 12:09:23.9717|INFO|Controllers.SubmissionController|/Submission/GroupNames
2024-07-16 12:09:26.8792|INFO|Controllers.SubmissionController|/Submission/TxtNames - Group(test)
2024-07-16 12:09:26.8792|INFO|Controllers.SubmissionController|/Submission/GetSubmission - Group(test, Name(undefined))
2024-07-16 12:09:32.0921|INFO|Controllers.SubmissionController|/Submission/GetSubmission - Group(test, Name(test2.pdf))
2024-07-16 12:09:32.0921|INFO|Controllers.SubmissionController|/Submission/GetFilledQuestion - Group(test), Name(test2.pdf)
2024-07-16 12:09:51.7541|INFO|Controllers.SearchController|/Search/FindMatches - Group(test), Name(test2.pdf), Pattern(jhkljkh), Limit(3)
2024-07-16 12:09:51.8314|INFO|Controllers.SearchController|/Search/FindMatches - Group(test), Name(test2.pdf), Pattern(jhkljkh), Limit(3)
2024-07-16 12:10:18.4713|INFO|Controllers.SubmissionController|/Submission/GetQuestion - Group(test), Name(test2.pdf), Question(2))
2024-07-16 12:10:18.4713|INFO|Controllers.SearchController|/Search/FindMatches - Group(test), Name(test2.pdf), Pattern(jhkljkh), Limit(3)
2024-07-16 12:14:43.7369|INFO|Controllers.SubmissionController|/Submission/GroupNames
2024-07-16 12:14:45.3329|INFO|Controllers.SubmissionController|/Submission/GetSubmission - Group(test, Name(undefined))
2024-07-16 12:14:45.3329|INFO|Controllers.SubmissionController|/Submission/TxtNames - Group(test)
2024-07-16 12:14:46.4185|INFO|Controllers.SubmissionController|/Submission/GetSubmission - Group(test, Name(test2.pdf))
2024-07-16 12:14:46.4185|INFO|Controllers.SubmissionController|/Submission/GetFilledQuestion - Group(test), Name(test2.pdf)
2024-07-16 12:14:52.1091|INFO|Controllers.SearchController|/Search/FindMatches - Group(test), Name(test2.pdf), Pattern(asdfasdfasdf), Limit(4)
2024-07-16 12:14:52.1665|INFO|Controllers.SearchController|/Search/FindMatches - Group(test), Name(test2.pdf), Pattern(asdfasdfasdf), Limit(4)
2024-07-16 12:16:01.3610|INFO|Controllers.SubmissionController|/Submission/GetQuestion - Group(test), Name(test2.pdf), Question(2))
2024-07-16 12:16:01.3610|INFO|Controllers.SearchController|/Search/FindMatches - Group(test), Name(test2.pdf), Pattern(asdfasdfasdf), Limit(4)
2024-07-16 12:16:50.0608|INFO|Controllers.SearchController|/Search/FindMatches - Group(test), Name(test2.pdf), Pattern(asdfasdfasdf), Limit(4)
2024-07-16 12:17:37.6290|INFO|Controllers.SubmissionController|/Submission/GetQuestion - Group(test), Name(test2.pdf), Question(1))
2024-07-16 12:28:10.8074|INFO|Controllers.SubmissionController|/Submission/GroupNames
2024-07-16 12:28:12.2825|INFO|Controllers.SubmissionController|/Submission/TxtNames - Group(test)
2024-07-16 12:28:12.2825|INFO|Controllers.SubmissionController|/Submission/GetSubmission - Group(test, Name(undefined))
2024-07-16 12:28:13.5787|INFO|Controllers.SubmissionController|/Submission/GetSubmission - Group(test, Name(test2.pdf))
2024-07-16 12:28:13.5787|INFO|Controllers.SubmissionController|/Submission/GetFilledQuestion - Group(test), Name(test2.pdf)
2024-07-16 12:28:17.3938|INFO|Controllers.SearchController|/Search/FindMatches - Group(test), Name(test2.pdf), Pattern(asdfasdf), Limit(3)
2024-07-16 12:28:24.0312|INFO|Controllers.SubmissionController|/Submission/GetQuestion - Group(test), Name(test2.pdf), Question(2))
2024-07-16 12:28:24.0312|INFO|Controllers.SearchController|/Search/FindMatches - Group(test), Name(test2.pdf), Pattern(asdfasdf), Limit(3)
2024-07-16 12:29:01.5434|INFO|Controllers.SearchController|/Search/FindMatches - Group(test), Name(test2.pdf), Pattern(binomial), Limit(3)
2024-07-16 12:30:57.1545|INFO|Controllers.SearchController|/Search/FindMatches - Group(test), Name(test2.pdf), Pattern(binomial), Limit(3)
2024-07-16 12:30:57.1545|INFO|Controllers.SubmissionController|/Submission/GetQuestion - Group(test), Name(test2.pdf), Question(3))
2024-07-16 12:31:00.7781|INFO|Controllers.SearchController|/Search/FindMatches - Group(test), Name(test2.pdf), Pattern(will), Limit(2)
2024-07-16 12:32:26.6091|INFO|Controllers.SubmissionController|/Submission/GetSubmission - Group(fixed, Name(undefined))
2024-07-16 12:32:26.6091|INFO|Controllers.SearchController|/Search/FindMatches - Group(fixed), Name(undefined), Pattern(will), Limit(2)
2024-07-16 12:32:26.6091|INFO|Controllers.SubmissionController|/Submission/TxtNames - Group(fixed)
2024-07-16 12:32:27.2031|ERROR|Controllers.SearchController|Question 0 in group fixed and submission undefined does not exist.
2024-07-16 12:56:10.6865|INFO|Controllers.SubmissionController|/Submission/GroupNames
2024-07-16 12:56:12.0595|INFO|Controllers.SubmissionController|/Submission/TxtNames - Group(test)
2024-07-16 12:56:12.0602|INFO|Controllers.SubmissionController|/Submission/GetSubmission - Group(test, Name(undefined))
2024-07-16 12:56:22.1315|INFO|Controllers.SubmissionController|/Submission/GetFilledQuestion - Group(test), Name(test2.pdf)
2024-07-16 12:56:22.1318|INFO|Controllers.SubmissionController|/Submission/GetSubmission - Group(test, Name(test2.pdf))
2024-07-16 12:56:28.0459|INFO|Controllers.SubmissionController|/Submission/GetQuestion - Group(test), Name(test2.pdf), Question(2))
2024-07-16 12:56:38.7285|INFO|Controllers.SubmissionController|/Submission/TxtNames - Group(fixed)
2024-07-16 12:56:38.7285|INFO|Controllers.SubmissionController|/Submission/GetSubmission - Group(fixed, Name(undefined))
2024-07-16 12:56:48.0058|INFO|Controllers.SubmissionController|/Submission/GetSubmission - Group(fixed, Name(test2.pdf))
2024-07-16 12:56:48.0058|INFO|Controllers.SubmissionController|/Submission/GetFilledQuestion - Group(fixed), Name(test2.pdf)
2024-07-16 12:56:56.9123|INFO|Controllers.SubmissionController|/Submission/GetQuestion - Group(fixed), Name(test2.pdf), Question(2))
2024-07-16 12:57:28.8074|INFO|Controllers.SearchController|/Search/FindMatches - Group(fixed), Name(test2.pdf), Pattern(the), Limit(1)
2024-07-16 12:58:24.6798|INFO|Controllers.SearchController|/Search/FindMatches - Group(fixed), Name(test2.pdf), Pattern(thesdf), Limit(2)
2024-07-16 12:58:38.4904|INFO|Controllers.SearchController|/Search/FindMatches - Group(fixed), Name(test2.pdf), Pattern(time), Limit(2)
2024-07-16 13:05:45.3604|INFO|Controllers.SubmissionController|/Submission/GroupNames
2024-07-16 13:05:47.3713|INFO|Controllers.SubmissionController|/Submission/TxtNames - Group(test)
2024-07-16 13:05:47.3713|INFO|Controllers.SubmissionController|/Submission/GetSubmission - Group(test, Name(undefined))
2024-07-16 13:05:48.2296|INFO|Controllers.SubmissionController|/Submission/GetFilledQuestion - Group(test), Name(test3.pdf)
2024-07-16 13:05:48.2302|INFO|Controllers.SubmissionController|/Submission/GetSubmission - Group(test, Name(test3.pdf))
2024-07-16 13:28:48.3793|INFO|Controllers.SubmissionController|/Submission/GroupNames
2024-07-16 13:28:50.1865|INFO|Controllers.SubmissionController|/Submission/TxtNames - Group(test)
2024-07-16 13:28:50.1870|INFO|Controllers.SubmissionController|/Submission/GetSubmission - Group(test, Name(undefined))
2024-07-16 13:28:51.1978|INFO|Controllers.SubmissionController|/Submission/GetSubmission - Group(test, Name(test2.pdf))
2024-07-16 13:28:51.1978|INFO|Controllers.SubmissionController|/Submission/GetFilledQuestion - Group(test), Name(test2.pdf)
2024-07-16 13:28:53.4327|INFO|Controllers.SubmissionController|/Submission/GetQuestion - Group(test), Name(test2.pdf), Question(2))
2024-07-16 13:28:57.3773|INFO|Controllers.SearchController|/Search/FindMatches - Group(test), Name(test2.pdf), Pattern(some), Limit(2)
2024-07-16 13:30:55.8210|INFO|Controllers.SubmissionController|/Submission/TxtNames - Group(fixed)
2024-07-16 13:30:55.8210|INFO|Controllers.SubmissionController|/Submission/GetSubmission - Group(fixed, Name(undefined))
2024-07-16 13:30:55.8210|INFO|Controllers.SearchController|/Search/FindMatches - Group(fixed), Name(undefined), Pattern(some), Limit(2)
2024-07-16 13:30:56.3819|ERROR|Controllers.SearchController|Question 0 in group fixed and submission undefined does not exist.
2024-07-16 13:30:58.4480|INFO|Controllers.SubmissionController|/Submission/GetSubmission - Group(fixed, Name(test2.pdf))
2024-07-16 13:30:58.4480|INFO|Controllers.SubmissionController|/Submission/GetFilledQuestion - Group(fixed), Name(test2.pdf)
2024-07-16 13:31:01.8858|INFO|Controllers.SearchController|/Search/FindMatches - Group(fixed), Name(test2.pdf), Pattern(sdfsdf), Limit(2)
2024-07-16 13:31:04.8355|INFO|Controllers.SubmissionController|/Submission/GetQuestion - Group(fixed), Name(test2.pdf), Question(3))
2024-07-16 13:31:04.8382|INFO|Controllers.SearchController|/Search/FindMatches - Group(fixed), Name(test2.pdf), Pattern(sdfsdf), Limit(2)
2024-07-16 13:31:07.4577|INFO|Controllers.SearchController|/Search/FindMatches - Group(fixed), Name(test2.pdf), Pattern(sdfsdfsdf), Limit(3)
2024-07-16 13:31:09.2556|INFO|Controllers.SubmissionController|/Submission/GetQuestion - Group(fixed), Name(test2.pdf), Question(2))
2024-07-16 13:31:09.2556|INFO|Controllers.SearchController|/Search/FindMatches - Group(fixed), Name(test2.pdf), Pattern(sdfsdfsdf), Limit(3)
2024-07-16 13:31:11.1402|INFO|Controllers.SearchController|/Search/FindMatches - Group(fixed), Name(test2.pdf), Pattern(sdf), Limit(1)
2024-07-16 13:33:56.7078|INFO|Controllers.SubmissionController|/Submission/GroupNames
2024-07-16 13:34:03.5178|INFO|Controllers.SubmissionController|/Submission/GetSubmission - Group(test, Name(undefined))
2024-07-16 13:34:03.5178|INFO|Controllers.SubmissionController|/Submission/TxtNames - Group(test)
2024-07-16 13:34:05.6177|INFO|Controllers.SubmissionController|/Submission/GetFilledQuestion - Group(test), Name(test2.pdf)
2024-07-16 13:34:05.6182|INFO|Controllers.SubmissionController|/Submission/GetSubmission - Group(test, Name(test2.pdf))
2024-07-16 13:36:09.1474|INFO|Controllers.SubmissionController|/Submission/GroupNames
2024-07-16 13:36:09.8822|INFO|Controllers.SubmissionController|/Submission/TxtNames - Group(test)
2024-07-16 13:36:09.8822|INFO|Controllers.SubmissionController|/Submission/GetSubmission - Group(test, Name(undefined))
2024-07-16 13:36:10.5136|INFO|Controllers.SubmissionController|/Submission/GetFilledQuestion - Group(test), Name(test3.pdf)
2024-07-16 13:36:10.5136|INFO|Controllers.SubmissionController|/Submission/GetSubmission - Group(test, Name(test3.pdf))
2024-07-16 13:36:11.4396|INFO|Controllers.SubmissionController|/Submission/GetQuestion - Group(test), Name(test3.pdf), Question(2))
2024-07-16 13:36:14.8751|INFO|Controllers.SearchController|/Search/FindMatches - Group(test), Name(test3.pdf), Pattern(eadf), Limit(1)
2024-07-16 13:36:19.3190|INFO|Controllers.SearchController|/Search/FindMatches - Group(test), Name(test3.pdf), Pattern(from), Limit(1)
2024-07-16 13:36:23.0554|INFO|Controllers.SubmissionController|/Submission/TxtNames - Group(fixed)
2024-07-16 13:36:23.0554|INFO|Controllers.SubmissionController|/Submission/GetSubmission - Group(fixed, Name(undefined))
2024-07-16 13:36:23.0581|INFO|Controllers.SearchController|/Search/FindMatches - Group(fixed), Name(undefined), Pattern(from), Limit(1)
2024-07-16 13:36:23.8103|ERROR|Controllers.SearchController|Question 0 in group fixed and submission undefined does not exist.
2024-07-16 13:36:24.7896|INFO|Controllers.SubmissionController|/Submission/GetSubmission - Group(fixed, Name(test2.pdf))
2024-07-16 13:36:24.7896|INFO|Controllers.SubmissionController|/Submission/GetFilledQuestion - Group(fixed), Name(test2.pdf)
2024-07-16 13:38:11.3600|INFO|Controllers.SubmissionController|/Submission/GroupNames
2024-07-16 13:38:13.0373|INFO|Controllers.SubmissionController|/Submission/TxtNames - Group(test)
2024-07-16 13:38:13.7710|INFO|Controllers.SubmissionController|/Submission/GetSubmission - Group(test, Name(test2.pdf))
2024-07-16 13:38:13.7710|INFO|Controllers.SubmissionController|/Submission/GetFilledQuestion - Group(test), Name(test2.pdf)
2024-07-16 13:38:15.5741|INFO|Controllers.SubmissionController|/Submission/GetQuestion - Group(test), Name(test2.pdf), Question(2))
2024-07-16 13:38:19.4942|INFO|Controllers.SearchController|/Search/FindMatches - Group(test), Name(test2.pdf), Pattern(hello ), Limit(2)
2024-07-16 13:38:38.8930|INFO|Controllers.SearchController|/Search/FindMatches - Group(test), Name(test2.pdf), Pattern(what), Limit(1)
2024-07-16 13:38:44.7336|INFO|Controllers.SearchController|/Search/FindMatches - Group(test), Name(test2.pdf), Pattern(werewer), Limit(2)
2024-07-16 13:38:48.3244|INFO|Controllers.SubmissionController|/Submission/GetQuestion - Group(test), Name(test2.pdf), Question(1))
2024-07-16 13:38:48.3247|INFO|Controllers.SearchController|/Search/FindMatches - Group(test), Name(test2.pdf), Pattern(werewer), Limit(2)
2024-07-16 13:38:52.4788|INFO|Controllers.SearchController|/Search/FindMatches - Group(test), Name(test2.pdf), Pattern(asdf), Limit(1)
2024-07-16 13:39:00.9300|INFO|Controllers.SearchController|/Search/FindMatches - Group(test), Name(test2.pdf), Pattern(step), Limit(1)
2024-07-16 13:39:05.9777|INFO|Controllers.SubmissionController|/Submission/GetFilledQuestion - Group(test), Name(test3.pdf)
2024-07-16 13:39:05.9782|INFO|Controllers.SubmissionController|/Submission/GetSubmission - Group(test, Name(test3.pdf))
2024-07-16 13:39:05.9796|INFO|Controllers.SearchController|/Search/FindMatches - Group(test), Name(test3.pdf), Pattern(step), Limit(1)
2024-07-16 13:39:09.4157|INFO|Controllers.SubmissionController|/Submission/GetQuestion - Group(test), Name(test3.pdf), Question(2))
2024-07-16 13:39:12.3864|INFO|Controllers.SearchController|/Search/FindMatches - Group(test), Name(test3.pdf), Pattern(sdfsdfs), Limit(2)
2024-07-16 16:13:48.4475|INFO|Controllers.SubmissionController|/Submission/GroupNames
2024-07-16 16:18:01.4303|INFO|Controllers.SubmissionController|/Submission/GroupNames
2024-07-16 16:18:19.7491|INFO|Controllers.SubmissionController|/Submission/Uplaod - UploadFile(testMultiple.zip), Group(NewGroup)
2024-07-16 16:18:27.4788|INFO|Controllers.SubmissionController|/Submission/TxtNames - Group(fixed)
2024-07-16 16:18:29.7989|INFO|Controllers.SubmissionController|/Submission/TxtNames - Group(test)
2024-07-16 16:18:35.9003|INFO|Controllers.SubmissionController|/Submission/TxtNames - Group(fixed)
2024-07-16 16:18:39.0099|INFO|Controllers.SubmissionController|/Submission/TxtNames - Group(test)
2024-07-16 16:18:40.4565|INFO|Controllers.SubmissionController|/Submission/TxtNames - Group(fixed)
2024-07-16 16:25:11.2485|INFO|Controllers.SubmissionController|/Submission/GroupNames
2024-07-16 16:25:32.6177|INFO|Controllers.SubmissionController|/Submission/Uplaod - UploadFile(testMultiple.zip), Group(newerGroup)
2024-07-16 16:25:39.7030|INFO|Controllers.SubmissionController|/Submission/GroupNames
2024-07-16 16:25:44.3986|INFO|Controllers.SubmissionController|/Submission/TxtNames - Group(newerGroup)
2024-07-16 16:25:46.1053|INFO|Controllers.SubmissionController|/Submission/GetSubmission - Group(newerGroup, Name(test2.pdf))
2024-07-16 16:25:46.1053|INFO|Controllers.SubmissionController|/Submission/GetFilledQuestion - Group(newerGroup), Name(test2.pdf)
2024-07-16 16:25:49.2736|INFO|Controllers.SubmissionController|/Submission/GetQuestion - Group(newerGroup), Name(test2.pdf), Question(2))
2024-07-16 16:25:50.1798|INFO|Controllers.SubmissionController|/Submission/GetQuestion - Group(newerGroup), Name(test2.pdf), Question(3))
2024-07-16 16:25:51.3088|INFO|Controllers.SubmissionController|/Submission/GetQuestion - Group(newerGroup), Name(test2.pdf), Question(1))
2024-07-16 16:25:52.5070|INFO|Controllers.SubmissionController|/Submission/GetFilledQuestion - Group(newerGroup), Name(test3.pdf)
2024-07-16 16:25:52.5072|INFO|Controllers.SubmissionController|/Submission/GetSubmission - Group(newerGroup, Name(test3.pdf))
2024-07-16 16:25:55.0553|INFO|Controllers.SubmissionController|/Submission/GetQuestion - Group(newerGroup), Name(test3.pdf), Question(2))
2024-07-16 16:25:56.1985|INFO|Controllers.SubmissionController|/Submission/GetQuestion - Group(newerGroup), Name(test3.pdf), Question(1))
2024-07-16 16:26:22.3685|INFO|Controllers.SubmissionController|/Submission/Uplaod - UploadFile(testMultiple.zip), Group(newerGroup)
2024-07-16 16:26:28.9969|INFO|Controllers.SubmissionController|/Submission/GroupNames
2024-07-16 16:35:32.3751|INFO|Controllers.SearchController|/Search/FindMatches - Group(newerGroup), Name(test3.pdf), Pattern(space), Limit(1)
2024-07-16 16:35:40.8981|INFO|Controllers.SearchController|/Search/FindMatches - Group(newerGroup), Name(test3.pdf), Pattern(can), Limit(1)
2024-07-16 16:35:49.2200|INFO|Controllers.SearchController|/Search/FindMatches - Group(newerGroup), Name(test3.pdf), Pattern(this), Limit(1)
