2024-07-17 09:25:37.5646|INFO|Controllers.SubmissionController|/Submission/GroupNames
2024-07-17 09:25:52.4621|INFO|Controllers.SubmissionController|/Submission/TxtNames - Group(test)
2024-07-17 09:25:54.4977|INFO|Controllers.SubmissionController|/Submission/GetFilledQuestion - Group(test), Name(test2.pdf)
2024-07-17 09:25:54.4977|INFO|Controllers.SubmissionController|/Submission/GetSubmission - Group(test, Name(test2.pdf))
2024-07-17 09:25:56.8611|INFO|Controllers.SubmissionController|/Submission/GetQuestion - Group(test), Name(test2.pdf), Question(2))
2024-07-17 09:26:01.8815|INFO|Controllers.SearchController|/Search/FindMatches - Group(test), Name(test2.pdf), Pattern(the), Limit(1)
2024-07-17 09:26:29.8067|INFO|Controllers.SubmissionController|/Submission/TxtNames - Group(newerGroup)
2024-07-17 09:26:31.3663|INFO|Controllers.SubmissionController|/Submission/GetSubmission - Group(newerGroup, Name(test3.pdf))
2024-07-17 09:26:31.3663|INFO|Controllers.SubmissionController|/Submission/GetFilledQuestion - Group(newerGroup), Name(test3.pdf)
2024-07-17 09:26:32.7822|INFO|Controllers.SubmissionController|/Submission/GetQuestion - Group(newerGroup), Name(test3.pdf), Question(2))
2024-07-17 09:26:34.1362|INFO|Controllers.SubmissionController|/Submission/GetQuestion - Group(newerGroup), Name(test3.pdf), Question(1))
2024-07-17 09:26:37.1552|INFO|Controllers.SearchController|/Search/FindMatches - Group(newerGroup), Name(test3.pdf), Pattern(asdfasdf), Limit(2)
2024-07-17 09:26:38.8342|INFO|Controllers.SubmissionController|/Submission/GetFilledQuestion - Group(newerGroup), Name(test2.pdf)
2024-07-17 09:26:38.8344|INFO|Controllers.SubmissionController|/Submission/GetSubmission - Group(newerGroup, Name(test2.pdf))
2024-07-17 09:26:38.8372|INFO|Controllers.SearchController|/Search/FindMatches - Group(newerGroup), Name(test2.pdf), Pattern(asdfasdf), Limit(2)
2024-07-17 09:26:39.6882|INFO|Controllers.SubmissionController|/Submission/GetQuestion - Group(newerGroup), Name(test2.pdf), Question(2))
2024-07-17 14:21:05.4855|INFO|Controllers.SubmissionController|/Submission/TxtNames - Group(fixed)
2024-07-17 14:21:08.1292|INFO|Controllers.SubmissionController|/Submission/GetFilledQuestion - Group(fixed), Name(test2.pdf)
2024-07-17 14:21:08.1304|INFO|Controllers.SubmissionController|/Submission/GetSubmission - Group(fixed, Name(test2.pdf))
2024-07-17 14:21:09.5617|INFO|Controllers.SubmissionController|/Submission/GetQuestion - Group(fixed), Name(test2.pdf), Question(3))
2024-07-17 14:21:10.8761|INFO|Controllers.SubmissionController|/Submission/TxtNames - Group(newerGroup)
2024-07-17 14:21:13.5695|INFO|Controllers.SubmissionController|/Submission/GetSubmission - Group(newerGroup, Name(test3.pdf))
2024-07-17 14:21:13.5695|INFO|Controllers.SubmissionController|/Submission/GetFilledQuestion - Group(newerGroup), Name(test3.pdf)
2024-07-17 14:21:14.5368|INFO|Controllers.SubmissionController|/Submission/GetQuestion - Group(newerGroup), Name(test3.pdf), Question(2))
2024-07-17 14:21:15.8722|INFO|Controllers.SubmissionController|/Submission/GetQuestion - Group(newerGroup), Name(test3.pdf), Question(1))
2024-07-17 14:21:17.4925|INFO|Controllers.SubmissionController|/Submission/GetFilledQuestion - Group(newerGroup), Name(testDoc.pdf)
2024-07-17 14:21:17.4952|INFO|Controllers.SubmissionController|/Submission/GetSubmission - Group(newerGroup, Name(testDoc.pdf))
2024-07-17 14:23:53.7548|INFO|Controllers.SubmissionController|/Submission/GroupNames
2024-07-17 14:23:54.8673|INFO|Controllers.SubmissionController|/Submission/TxtNames - Group(NewGroup)
2024-07-17 14:23:56.3890|INFO|Controllers.SubmissionController|/Submission/GetFilledQuestion - Group(NewGroup), Name(test2.pdf)
2024-07-17 14:23:56.3890|INFO|Controllers.SubmissionController|/Submission/GetSubmission - Group(NewGroup, Name(test2.pdf))
2024-07-17 14:23:57.4602|INFO|Controllers.SubmissionController|/Submission/GetQuestion - Group(NewGroup), Name(test2.pdf), Question(2))
2024-07-17 14:23:57.9321|INFO|Controllers.SubmissionController|/Submission/GetQuestion - Group(NewGroup), Name(test2.pdf), Question(3))
2024-07-17 14:23:58.3670|INFO|Controllers.SubmissionController|/Submission/GetQuestion - Group(NewGroup), Name(test2.pdf), Question(2))
2024-07-17 14:23:58.8224|INFO|Controllers.SubmissionController|/Submission/GetQuestion - Group(NewGroup), Name(test2.pdf), Question(1))
2024-07-17 14:23:59.3911|INFO|Controllers.SubmissionController|/Submission/TxtNames - Group(test)
2024-07-17 14:23:59.7988|INFO|Controllers.SubmissionController|/Submission/GetSubmission - Group(test, Name(blank.pdf))
2024-07-17 14:23:59.7988|INFO|Controllers.SubmissionController|/Submission/GetFilledQuestion - Group(test), Name(blank.pdf)
2024-07-17 14:24:00.2950|INFO|Controllers.SubmissionController|/Submission/GetFilledQuestion - Group(test), Name(test2.pdf)
2024-07-17 14:24:00.2956|INFO|Controllers.SubmissionController|/Submission/GetSubmission - Group(test, Name(test2.pdf))
2024-07-17 14:24:01.1000|INFO|Controllers.SubmissionController|/Submission/GetQuestion - Group(test), Name(test2.pdf), Question(2))
2024-07-17 14:24:01.7325|INFO|Controllers.SubmissionController|/Submission/GetQuestion - Group(test), Name(test2.pdf), Question(1))
2024-07-17 14:24:02.0485|INFO|Controllers.SubmissionController|/Submission/GetQuestion - Group(test), Name(test2.pdf), Question(3))
2024-07-17 14:24:02.3367|INFO|Controllers.SubmissionController|/Submission/GetFilledQuestion - Group(test), Name(test3.pdf)
2024-07-17 14:24:02.3367|INFO|Controllers.SubmissionController|/Submission/GetSubmission - Group(test, Name(test3.pdf))
2024-07-17 14:24:03.0752|INFO|Controllers.SubmissionController|/Submission/TxtNames - Group(newerGroup)
2024-07-17 14:24:03.8214|INFO|Controllers.SubmissionController|/Submission/TxtNames - Group(NewGroup)
2024-07-17 14:24:04.3054|INFO|Controllers.SubmissionController|/Submission/GetFilledQuestion - Group(NewGroup), Name(testDoc.pdf)
2024-07-17 14:24:04.3054|INFO|Controllers.SubmissionController|/Submission/GetSubmission - Group(NewGroup, Name(testDoc.pdf))
2024-07-17 14:24:04.6733|INFO|Controllers.SubmissionController|/Submission/GetFilledQuestion - Group(NewGroup), Name(test2.pdf)
2024-07-17 14:24:04.6733|INFO|Controllers.SubmissionController|/Submission/GetSubmission - Group(NewGroup, Name(test2.pdf))
2024-07-17 14:24:05.5906|INFO|Controllers.SubmissionController|/Submission/GetQuestion - Group(NewGroup), Name(test2.pdf), Question(2))
2024-07-17 14:24:06.3620|INFO|Controllers.SubmissionController|/Submission/TxtNames - Group(fixed)
2024-07-17 14:24:06.9205|INFO|Controllers.SubmissionController|/Submission/TxtNames - Group(test)
2024-07-17 14:24:07.3021|INFO|Controllers.SubmissionController|/Submission/GetFilledQuestion - Group(test), Name(blank.pdf)
2024-07-17 14:24:07.3021|INFO|Controllers.SubmissionController|/Submission/GetSubmission - Group(test, Name(blank.pdf))
2024-07-17 14:24:07.5921|INFO|Controllers.SubmissionController|/Submission/GetFilledQuestion - Group(test), Name(test2.pdf)
2024-07-17 14:24:07.5921|INFO|Controllers.SubmissionController|/Submission/GetSubmission - Group(test, Name(test2.pdf))
2024-07-17 14:24:08.9721|INFO|Controllers.SubmissionController|/Submission/GetQuestion - Group(test), Name(test2.pdf), Question(2))
2024-07-17 14:24:09.2791|INFO|Controllers.SubmissionController|/Submission/GetQuestion - Group(test), Name(test2.pdf), Question(3))
2024-07-17 14:24:09.7069|INFO|Controllers.SubmissionController|/Submission/TxtNames - Group(newerGroup)
2024-07-17 14:24:10.1883|INFO|Controllers.SubmissionController|/Submission/TxtNames - Group(NewGroup)
2024-07-17 14:24:11.7083|INFO|Controllers.SubmissionController|/Submission/GetFilledQuestion - Group(NewGroup), Name(test3.pdf)
2024-07-17 14:24:11.7090|INFO|Controllers.SubmissionController|/Submission/GetSubmission - Group(NewGroup, Name(test3.pdf))
2024-07-17 14:24:12.5702|INFO|Controllers.SubmissionController|/Submission/TxtNames - Group(fixed)
2024-07-17 14:24:13.1931|INFO|Controllers.SubmissionController|/Submission/TxtNames - Group(NewGroup)
2024-07-17 14:24:13.7378|INFO|Controllers.SubmissionController|/Submission/GetFilledQuestion - Group(NewGroup), Name(test3.pdf)
2024-07-17 14:24:13.7378|INFO|Controllers.SubmissionController|/Submission/GetSubmission - Group(NewGroup, Name(test3.pdf))
2024-07-17 14:24:14.6297|INFO|Controllers.SubmissionController|/Submission/GetQuestion - Group(NewGroup), Name(test3.pdf), Question(2))
2024-07-17 14:24:15.2756|INFO|Controllers.SubmissionController|/Submission/GetFilledQuestion - Group(NewGroup), Name(testDoc.pdf)
2024-07-17 14:24:15.2781|INFO|Controllers.SubmissionController|/Submission/GetSubmission - Group(NewGroup, Name(testDoc.pdf))
2024-07-17 14:24:22.0321|INFO|Controllers.SearchController|/Search/FindMatches - Group(NewGroup), Name(testDoc.pdf), Pattern(flow), Limit(1)
2024-07-17 14:28:02.6668|INFO|Controllers.SubmissionController|/Submission/GroupNames
2024-07-17 14:28:04.8994|INFO|Controllers.SubmissionController|/Submission/TxtNames - Group(fixed)
2024-07-17 14:28:06.2544|INFO|Controllers.SubmissionController|/Submission/GetSubmission - Group(fixed, Name(test2.pdf))
2024-07-17 14:28:06.2544|INFO|Controllers.SubmissionController|/Submission/GetFilledQuestion - Group(fixed), Name(test2.pdf)
2024-07-17 14:28:08.5451|INFO|Controllers.SubmissionController|/Submission/GetQuestion - Group(fixed), Name(test2.pdf), Question(2))
2024-07-17 14:28:14.9424|INFO|Controllers.SearchController|/Search/FindMatches - Group(fixed), Name(test2.pdf), Pattern(this), Limit(1)
2024-07-17 14:36:00.6679|INFO|Controllers.SubmissionController|/Submission/GroupNames
2024-07-17 14:36:56.4905|INFO|Controllers.SubmissionController|/Submission/TxtNames - Group(test)
2024-07-17 14:36:57.9400|INFO|Controllers.SubmissionController|/Submission/GetFilledQuestion - Group(test), Name(test2.pdf)
2024-07-17 14:36:57.9410|INFO|Controllers.SubmissionController|/Submission/GetSubmission - Group(test, Name(test2.pdf))
2024-07-17 14:37:16.6108|INFO|Controllers.SubmissionController|/Submission/GetSubmission - Group(test, Name(test2.pdf))
2024-07-17 14:37:16.6108|INFO|Controllers.SubmissionController|/Submission/GetFilledQuestion - Group(test), Name(test2.pdf)
2024-07-17 14:37:57.3993|INFO|Controllers.SubmissionController|/Submission/GetFilledQuestion - Group(test), Name(test2.pdf)
2024-07-17 14:37:57.3993|INFO|Controllers.SubmissionController|/Submission/GetSubmission - Group(test, Name(test2.pdf))
2024-07-17 14:38:07.6927|INFO|Controllers.SubmissionController|/Submission/GetFilledQuestion - Group(test), Name(test2.pdf)
2024-07-17 14:38:07.6928|INFO|Controllers.SubmissionController|/Submission/GetSubmission - Group(test, Name(test2.pdf))
2024-07-17 14:38:28.5615|INFO|Controllers.SubmissionController|/Submission/GetQuestion - Group(test), Name(test2.pdf), Question(2))
2024-07-17 14:38:29.3367|INFO|Controllers.SubmissionController|/Submission/GetQuestion - Group(test), Name(test2.pdf), Question(3))
2024-07-17 14:38:30.6379|INFO|Controllers.SubmissionController|/Submission/GetFilledQuestion - Group(test), Name(test3.pdf)
2024-07-17 14:38:30.6401|INFO|Controllers.SubmissionController|/Submission/GetSubmission - Group(test, Name(test3.pdf))
2024-07-17 14:38:31.7239|INFO|Controllers.SubmissionController|/Submission/TxtNames - Group(fixed)
2024-07-17 14:39:10.4767|INFO|Controllers.SubmissionController|/Submission/GetFilledQuestion - Group(fixed), Name(test2.pdf)
2024-07-17 14:39:10.4767|INFO|Controllers.SubmissionController|/Submission/GetSubmission - Group(fixed, Name(test2.pdf))
2024-07-17 14:41:16.0427|INFO|Controllers.SubmissionController|/Submission/TxtNames - Group(test)
2024-07-17 14:42:02.3227|INFO|Controllers.SubmissionController|/Submission/GroupNames
2024-07-17 14:42:06.3618|INFO|Controllers.SubmissionController|/Submission/TxtNames - Group(test)
2024-07-17 14:42:07.3818|INFO|Controllers.SubmissionController|/Submission/GetFilledQuestion - Group(test), Name(test2.pdf)
2024-07-17 14:42:07.3818|INFO|Controllers.SubmissionController|/Submission/GetSubmission - Group(test, Name(test2.pdf))
2024-07-17 14:42:09.3051|INFO|Controllers.SubmissionController|/Submission/GetQuestion - Group(test), Name(test2.pdf), Question(2))
2024-07-17 14:44:32.6309|INFO|Controllers.SubmissionController|/Submission/GroupNames
2024-07-17 14:44:37.5376|INFO|Controllers.SubmissionController|/Submission/TxtNames - Group(test)
2024-07-17 14:44:38.9542|INFO|Controllers.SubmissionController|/Submission/GetFilledQuestion - Group(test), Name(blank.pdf)
2024-07-17 14:44:38.9542|INFO|Controllers.SubmissionController|/Submission/GetSubmission - Group(test, Name(blank.pdf))
2024-07-17 14:44:40.4834|INFO|Controllers.SubmissionController|/Submission/GetFilledQuestion - Group(test), Name(test2.pdf)
2024-07-17 14:44:40.4834|INFO|Controllers.SubmissionController|/Submission/GetSubmission - Group(test, Name(test2.pdf))
2024-07-17 14:48:42.9205|INFO|Controllers.SubmissionController|/Submission/GroupNames
2024-07-17 14:48:46.5427|INFO|Controllers.SubmissionController|/Submission/TxtNames - Group(test)
2024-07-17 14:48:52.0681|INFO|Controllers.SubmissionController|/Submission/GetFilledQuestion - Group(test), Name(test2.pdf)
2024-07-17 14:48:52.0681|INFO|Controllers.SubmissionController|/Submission/GetSubmission - Group(test, Name(test2.pdf))
2024-07-17 14:49:29.7813|INFO|Controllers.SubmissionController|/Submission/GroupNames
2024-07-17 14:49:31.0296|INFO|Controllers.SubmissionController|/Submission/TxtNames - Group(test)
2024-07-17 14:49:32.3881|INFO|Controllers.SubmissionController|/Submission/GetFilledQuestion - Group(test), Name(test2.pdf)
2024-07-17 14:49:32.3890|INFO|Controllers.SubmissionController|/Submission/GetSubmission - Group(test, Name(test2.pdf))
2024-07-17 14:49:41.3228|INFO|Controllers.SubmissionController|/Submission/GetQuestion - Group(test), Name(test2.pdf), Question(1))
2024-07-17 14:49:43.6261|INFO|Controllers.SubmissionController|/Submission/GetQuestion - Group(test), Name(test2.pdf), Question(2))
2024-07-17 14:49:44.7235|INFO|Controllers.SubmissionController|/Submission/GetQuestion - Group(test), Name(test2.pdf), Question(3))
2024-07-17 14:49:45.8481|INFO|Controllers.SubmissionController|/Submission/GetSubmission - Group(test, Name(test2.pdf))
2024-07-17 14:51:40.8106|INFO|Controllers.SubmissionController|/Submission/GroupNames
2024-07-17 14:51:41.9121|INFO|Controllers.SubmissionController|/Submission/TxtNames - Group(fixed)
2024-07-17 14:51:43.1049|INFO|Controllers.SubmissionController|/Submission/GetFilledQuestion - Group(fixed), Name(test2.pdf)
2024-07-17 14:51:43.1063|INFO|Controllers.SubmissionController|/Submission/GetSubmission - Group(fixed, Name(test2.pdf))
2024-07-17 14:51:46.7551|INFO|Controllers.SubmissionController|/Submission/GetQuestion - Group(fixed), Name(test2.pdf), Question(2))
2024-07-17 14:51:47.6989|INFO|Controllers.SubmissionController|/Submission/GetQuestion - Group(fixed), Name(test2.pdf), Question(3))
2024-07-17 14:51:48.7557|INFO|Controllers.SubmissionController|/Submission/TxtNames - Group(NewGroup)
2024-07-17 14:51:50.5848|INFO|Controllers.SubmissionController|/Submission/GetFilledQuestion - Group(NewGroup), Name(test3.pdf)
2024-07-17 14:51:50.5864|INFO|Controllers.SubmissionController|/Submission/GetSubmission - Group(NewGroup, Name(test3.pdf))
2024-07-17 14:51:52.2243|INFO|Controllers.SubmissionController|/Submission/GetQuestion - Group(NewGroup), Name(test3.pdf), Question(1))
2024-07-17 14:51:53.5419|INFO|Controllers.SubmissionController|/Submission/GetFilledQuestion - Group(NewGroup), Name(test2.pdf)
2024-07-17 14:51:53.5420|INFO|Controllers.SubmissionController|/Submission/GetSubmission - Group(NewGroup, Name(test2.pdf))
2024-07-17 14:51:54.4621|INFO|Controllers.SubmissionController|/Submission/GetQuestion - Group(NewGroup), Name(test2.pdf), Question(2))
2024-07-17 14:51:55.5450|INFO|Controllers.SubmissionController|/Submission/GetQuestion - Group(NewGroup), Name(test2.pdf), Question(3))
2024-07-17 14:51:56.7099|INFO|Controllers.SubmissionController|/Submission/GetQuestion - Group(NewGroup), Name(test2.pdf), Question(1))
2024-07-17 14:56:31.8901|INFO|Controllers.SubmissionController|/Submission/GroupNames
2024-07-17 14:57:05.5431|INFO|Controllers.SubmissionController|/Submission/TxtNames - Group(test)
2024-07-17 14:57:06.5380|INFO|Controllers.SubmissionController|/Submission/GetFilledQuestion - Group(test), Name(test2.pdf)
2024-07-17 14:57:06.5392|INFO|Controllers.SubmissionController|/Submission/GetSubmission - Group(test, Name(test2.pdf))
2024-07-17 14:57:10.9593|INFO|Controllers.SubmissionController|/Submission/GetQuestion - Group(test), Name(test2.pdf), Question(2))
2024-07-17 14:57:13.5648|INFO|Controllers.SubmissionController|/Submission/GetQuestion - Group(test), Name(test2.pdf), Question(3))
2024-07-17 14:57:19.2872|INFO|Controllers.SearchController|/Search/FindMatches - Group(test), Name(test2.pdf), Pattern(this), Limit(1)
2024-07-17 14:57:35.7544|INFO|Controllers.SearchController|/Search/FindMatches - Group(test), Name(test2.pdf), Pattern(hypohtesis), Limit(3)
2024-07-17 14:57:48.5429|INFO|Controllers.SearchController|/Search/FindMatches - Group(test), Name(test2.pdf), Pattern(MR), Limit(0)
2024-07-17 14:57:56.7517|INFO|Controllers.SearchController|/Search/FindMatches - Group(test), Name(test2.pdf), Pattern(we), Limit(0)
2024-07-17 14:59:14.9352|INFO|Controllers.SubmissionController|/Submission/GroupNames
2024-07-17 15:00:58.6924|INFO|Controllers.SubmissionController|/Submission/GroupNames
2024-07-17 15:01:44.4116|INFO|Controllers.SubmissionController|/Submission/TxtNames - Group(test)
2024-07-17 15:01:50.0800|INFO|Controllers.SubmissionController|/Submission/GetSubmission - Group(test, Name(test2.pdf))
2024-07-17 15:01:50.0800|INFO|Controllers.SubmissionController|/Submission/GetFilledQuestion - Group(test), Name(test2.pdf)
2024-07-17 15:01:58.1917|INFO|Controllers.SubmissionController|/Submission/GetQuestion - Group(test), Name(test2.pdf), Question(1))
2024-07-17 15:02:08.8936|INFO|Controllers.SearchController|/Search/FindMatches - Group(test), Name(test2.pdf), Pattern(false), Limit(1)
2024-07-17 15:02:15.4971|INFO|Controllers.SearchController|/Search/FindMatches - Group(test), Name(test2.pdf), Pattern(this ), Limit(1)
2024-07-17 15:02:28.8075|INFO|Controllers.SearchController|/Search/FindMatches - Group(test), Name(test2.pdf), Pattern(thas), Limit(1)
2024-07-17 15:03:21.1073|INFO|Controllers.SubmissionController|/Submission/GetQuestion - Group(test), Name(test2.pdf), Question(2))
2024-07-17 15:03:21.1073|INFO|Controllers.SearchController|/Search/FindMatches - Group(test), Name(test2.pdf), Pattern(thas), Limit(1)
2024-07-17 15:03:22.7395|INFO|Controllers.SubmissionController|/Submission/GetSubmission - Group(test, Name(test2.pdf))
2024-07-17 15:03:43.1907|INFO|Controllers.SubmissionController|/Submission/GetQuestion - Group(test), Name(test2.pdf), Question(1))
2024-07-17 15:03:53.0911|INFO|Controllers.SubmissionController|/Submission/GetQuestion - Group(test), Name(test2.pdf), Question(3))
2024-07-17 15:04:41.3888|INFO|Controllers.SubmissionController|/Submission/GetFilledQuestion - Group(test), Name(test2.pdf)
2024-07-17 15:04:41.3888|INFO|Controllers.SubmissionController|/Submission/GetSubmission - Group(test, Name(test2.pdf))
2024-07-17 15:05:26.8049|INFO|Controllers.SubmissionController|/Submission/Uplaod - UploadFile(testMultiple.zip), Group(DemoGroup)
2024-07-17 15:05:36.2927|INFO|Controllers.SubmissionController|/Submission/GroupNames
2024-07-17 15:05:40.9397|INFO|Controllers.SubmissionController|/Submission/TxtNames - Group(DemoGroup)
2024-07-17 15:10:28.8990|INFO|Controllers.SubmissionController|/Submission/TxtNames - Group(test)
2024-07-17 15:10:30.3958|INFO|Controllers.SubmissionController|/Submission/GetFilledQuestion - Group(test), Name(test2.pdf)
2024-07-17 15:10:30.3958|INFO|Controllers.SubmissionController|/Submission/GetSubmission - Group(test, Name(test2.pdf))
2024-07-17 15:10:32.0123|INFO|Controllers.SubmissionController|/Submission/GetQuestion - Group(test), Name(test2.pdf), Question(1))
2024-07-17 15:11:29.9284|INFO|Controllers.SubmissionController|/Submission/GetFilledQuestion - Group(test), Name(test2.pdf)
2024-07-17 15:11:29.9284|INFO|Controllers.SubmissionController|/Submission/GetSubmission - Group(test, Name(test2.pdf))
2024-07-17 15:11:32.5629|INFO|Controllers.SearchController|/Search/FindMatches - Group(test), Name(test2.pdf), Pattern(asdfa), Limit(1)
2024-07-17 15:11:33.7281|INFO|Controllers.SubmissionController|/Submission/GetQuestion - Group(test), Name(test2.pdf), Question(1))
2024-07-17 15:11:33.7281|INFO|Controllers.SearchController|/Search/FindMatches - Group(test), Name(test2.pdf), Pattern(asdfa), Limit(1)
2024-07-17 15:12:32.9785|INFO|Controllers.SubmissionController|/Submission/GetFilledQuestion - Group(test), Name(test2.pdf)
2024-07-17 15:12:32.9785|INFO|Controllers.SubmissionController|/Submission/GetSubmission - Group(test, Name(test2.pdf))
2024-07-17 15:13:13.0276|INFO|Controllers.SubmissionController|/Submission/GetQuestion - Group(test), Name(test2.pdf), Question(1))
2024-07-17 15:13:14.9607|INFO|Controllers.SubmissionController|/Submission/GetSubmission - Group(test, Name(test2.pdf))
2024-07-17 15:13:22.3456|INFO|Controllers.SubmissionController|/Submission/GetQuestion - Group(test), Name(test2.pdf), Question(1))
2024-07-17 15:13:24.1272|INFO|Controllers.SubmissionController|/Submission/GetQuestion - Group(test), Name(test2.pdf), Question(2))
2024-07-17 15:13:26.2284|INFO|Controllers.SubmissionController|/Submission/GetQuestion - Group(test), Name(test2.pdf), Question(3))
2024-07-17 15:13:29.2280|INFO|Controllers.SubmissionController|/Submission/GetQuestion - Group(test), Name(test2.pdf), Question(1))
2024-07-17 15:13:30.8610|INFO|Controllers.SubmissionController|/Submission/GetSubmission - Group(test, Name(test2.pdf))
2024-07-17 15:13:58.1648|INFO|Controllers.SubmissionController|/Submission/GetQuestion - Group(test), Name(test2.pdf), Question(2))
2024-07-17 22:02:56.1458|INFO|Controllers.SubmissionController|/Submission/TxtNames - Group(fixed)
2024-07-17 22:02:58.0395|INFO|Controllers.SubmissionController|/Submission/TxtNames - Group(newerGroup)
2024-07-17 22:02:58.7555|INFO|Controllers.SubmissionController|/Submission/GetFilledQuestion - Group(newerGroup), Name(test3.pdf)
2024-07-17 22:02:58.7555|INFO|Controllers.SubmissionController|/Submission/GetSubmission - Group(newerGroup, Name(test3.pdf))
2024-07-17 22:03:00.2896|INFO|Controllers.SubmissionController|/Submission/GetQuestion - Group(newerGroup), Name(test3.pdf), Question(1))
2024-07-17 22:03:01.8893|INFO|Controllers.SubmissionController|/Submission/GetQuestion - Group(newerGroup), Name(test3.pdf), Question(2))
