2024-07-11 10:01:36.1045|INFO|Controllers.SubmissionController|/Submission/GetSubmission - Group(test, Name(test.pdf))
2024-07-11 10:01:49.4516|INFO|Controllers.SubmissionController|/Submission/GetSubmission - Group(test, Name(blank.pdf))
2024-07-11 10:02:00.8393|INFO|Controllers.SubmissionController|/Submission/GetFilledQuestion - Group(test), Name(blank.pdf)
2024-07-11 10:02:06.6621|INFO|Controllers.SubmissionController|/Submission/GetFilledQuestion - Group(test), Name(asdfadsf)
2024-07-11 10:04:13.3763|INFO|Controllers.SubmissionController|/Submission/GetFilledQuestion - Group(hlkjh), Name(asdfadsf)
2024-07-11 13:03:57.6451|INFO|Controllers.SubmissionController|/Submission/GroupNames
2024-07-11 13:04:00.4504|INFO|Controllers.SubmissionController|/Submission/TxtNames - Group(test)
2024-07-11 13:04:09.0404|INFO|Controllers.SubmissionController|/Submission/GetFilledQuestion - Group(test), Name(test2.pdf)
2024-07-11 13:04:37.6937|INFO|Controllers.SubmissionController|/Submission/GetFilledQuestion - Group(test), Name(blank.pdf)
2024-07-11 13:04:42.2675|INFO|Controllers.SubmissionController|/Submission/TxtNames - Group(fixed)
2024-07-11 13:06:16.4909|INFO|Controllers.SubmissionController|/Submission/GetFilledQuestion - Group(fixed), Name(test2.pdf)
2024-07-11 13:06:18.8892|INFO|Controllers.SubmissionController|/Submission/TxtNames - Group(test)
2024-07-11 13:06:18.9534|INFO|Controllers.SubmissionController|/Submission/GetFilledQuestion - Group(test), Name(test2.pdf)
2024-07-11 13:06:20.3917|INFO|Controllers.SubmissionController|/Submission/GetFilledQuestion - Group(test), Name(blank.pdf)
2024-07-11 13:06:48.5620|INFO|Controllers.SubmissionController|/Submission/GroupNames
2024-07-11 13:06:52.9502|INFO|Controllers.SubmissionController|/Submission/TxtNames - Group(test)
2024-07-11 13:07:20.5005|INFO|Controllers.SubmissionController|/Submission/GetFilledQuestion - Group(test), Name(blank.pdf)
2024-07-11 13:07:27.1265|INFO|Controllers.SubmissionController|/Submission/GetFilledQuestion - Group(test), Name(test2.pdf)
2024-07-11 13:07:35.1310|INFO|Controllers.SubmissionController|/Submission/TxtNames - Group(fixed)
2024-07-11 13:07:40.7214|INFO|Controllers.SubmissionController|/Submission/GetFilledQuestion - Group(fixed), Name(test2.pdf)
2024-07-11 13:07:46.2997|INFO|Controllers.SubmissionController|/Submission/TxtNames - Group(test)
2024-07-11 13:07:47.5654|INFO|Controllers.SubmissionController|/Submission/GetFilledQuestion - Group(test), Name(blank.pdf)
2024-07-11 13:07:49.4347|INFO|Controllers.SubmissionController|/Submission/GetFilledQuestion - Group(test), Name(test2.pdf)
2024-07-11 16:40:53.9738|INFO|Controllers.SubmissionController|/Submission/GetFilledQuestion - Group(test), Name(blank.pdf)
2024-07-11 16:40:58.4393|INFO|Controllers.SubmissionController|/Submission/GetFilledQuestion - Group(test), Name(test3.pdf)
2024-07-11 16:41:01.3002|INFO|Controllers.SubmissionController|/Submission/GetFilledQuestion - Group(test), Name(test2.pdf)
2024-07-11 16:42:42.7227|INFO|Controllers.SubmissionController|/Submission/GroupNames
2024-07-11 16:42:46.1442|INFO|Controllers.SubmissionController|/Submission/TxtNames - Group(test)
2024-07-11 16:42:49.3695|INFO|Controllers.SubmissionController|/Submission/GetFilledQuestion - Group(test), Name(test2.pdf)
2024-07-11 16:42:55.9604|INFO|Controllers.SubmissionController|/Submission/GroupNames
2024-07-11 16:42:58.0942|INFO|Controllers.SubmissionController|/Submission/TxtNames - Group(test)
2024-07-11 16:42:59.4829|INFO|Controllers.SubmissionController|/Submission/GetFilledQuestion - Group(test), Name(blank.pdf)
2024-07-11 16:43:00.6018|INFO|Controllers.SubmissionController|/Submission/GetFilledQuestion - Group(test), Name(test2.pdf)
2024-07-11 16:45:18.6463|INFO|Controllers.SubmissionController|/Submission/GetFilledQuestion - Group(test), Name(blank.pdf)
2024-07-11 16:45:28.0895|INFO|Controllers.SubmissionController|/Submission/TxtNames - Group(fixed)
2024-07-11 16:54:00.2704|INFO|Controllers.SubmissionController|/Submission/GroupNames
2024-07-11 16:56:19.6582|INFO|Controllers.SubmissionController|/Submission/GetSubmission - Group(undefined, Name(name))
2024-07-11 16:57:56.7908|INFO|Controllers.SubmissionController|/Submission/GroupNames
2024-07-11 16:57:56.7929|INFO|Controllers.SubmissionController|/Submission/GetSubmission - Group(undefined, Name(undefined))
2024-07-11 16:57:59.9747|INFO|Controllers.SubmissionController|/Submission/TxtNames - Group(test)
