2024-07-24 09:49:10.0732|INFO|Controllers.SubmissionController|/Submission/TxtNames - Group(newerGroup)
2024-07-24 09:49:11.7730|INFO|Controllers.SubmissionController|/Submission/GetFilledQuestion - Group(newerGroup), Name(test3.pdf)
2024-07-24 09:49:11.7730|INFO|Controllers.SubmissionController|/Submission/GetSubmission - Group(newerGroup, Name(test3.pdf))
2024-07-24 09:49:14.4213|INFO|Controllers.SubmissionController|/Submission/GetQuestion - Group(newerGroup), Name(test3.pdf), Question(2))
2024-07-24 09:49:17.7924|INFO|Controllers.SubmissionController|/Submission/GetQuestion - Group(newerGroup), Name(test3.pdf), Question(1))
2024-07-24 09:53:41.5054|INFO|Controllers.SubmissionController|/Submission/GroupNames
2024-07-24 09:53:44.6813|INFO|Controllers.SubmissionController|/Submission/TxtNames - Group(test)
2024-07-24 09:53:47.4881|INFO|Controllers.SubmissionController|/Submission/GetSubmission - Group(test, Name(blank.pdf))
2024-07-24 09:53:47.4881|INFO|Controllers.SubmissionController|/Submission/GetFilledQuestion - Group(test), Name(blank.pdf)
2024-07-24 09:53:48.9466|INFO|Controllers.SubmissionController|/Submission/GetFilledQuestion - Group(test), Name(test2.pdf)
2024-07-24 09:53:48.9471|INFO|Controllers.SubmissionController|/Submission/GetSubmission - Group(test, Name(test2.pdf))
2024-07-24 09:53:50.9301|INFO|Controllers.SubmissionController|/Submission/GetQuestion - Group(test), Name(test2.pdf), Question(3))
2024-07-24 09:53:57.3334|INFO|Controllers.SubmissionController|/Submission/GetSubmission - Group(test, Name(blank.pdf))
2024-07-24 09:53:57.3339|INFO|Controllers.SubmissionController|/Submission/GetFilledQuestion - Group(test), Name(blank.pdf)
2024-07-24 09:54:28.6421|INFO|Controllers.SubmissionController|/Submission/GroupNames
2024-07-24 09:54:31.2516|INFO|Controllers.SubmissionController|/Submission/TxtNames - Group(test)
2024-07-24 09:59:13.6993|INFO|Controllers.SubmissionController|/Submission/GroupNames
2024-07-24 09:59:15.1869|INFO|Controllers.SubmissionController|/Submission/TxtNames - Group(test)
2024-07-24 09:59:16.1482|INFO|Controllers.SubmissionController|/Submission/GetFilledQuestion - Group(test), Name(blank.pdf)
2024-07-24 09:59:16.1482|INFO|Controllers.SubmissionController|/Submission/GetSubmission - Group(test, Name(blank.pdf))
2024-07-24 09:59:18.1003|INFO|Controllers.SubmissionController|/Submission/GetFilledQuestion - Group(test), Name(test2.pdf)
2024-07-24 09:59:18.1003|INFO|Controllers.SubmissionController|/Submission/GetSubmission - Group(test, Name(test2.pdf))
2024-07-24 09:59:38.8214|INFO|Controllers.SubmissionController|/Submission/TxtNames - Group(NewGroup)
2024-07-24 09:59:40.0297|INFO|Controllers.SubmissionController|/Submission/GetFilledQuestion - Group(NewGroup), Name(test3.pdf)
2024-07-24 09:59:40.0304|INFO|Controllers.SubmissionController|/Submission/GetSubmission - Group(NewGroup, Name(test3.pdf))
2024-07-24 09:59:45.1561|INFO|Controllers.SubmissionController|/Submission/GetQuestion - Group(NewGroup), Name(test3.pdf), Question(2))
2024-07-24 09:59:46.2876|INFO|Controllers.SubmissionController|/Submission/GetQuestion - Group(NewGroup), Name(test3.pdf), Question(1))
2024-07-24 09:59:48.4232|INFO|Controllers.SubmissionController|/Submission/TxtNames - Group(test)
2024-07-24 09:59:49.3696|INFO|Controllers.SubmissionController|/Submission/GetFilledQuestion - Group(test), Name(test2.pdf)
2024-07-24 09:59:49.3711|INFO|Controllers.SubmissionController|/Submission/GetSubmission - Group(test, Name(test2.pdf))
2024-07-24 09:59:50.2694|INFO|Controllers.SubmissionController|/Submission/GetQuestion - Group(test), Name(test2.pdf), Question(2))
2024-07-24 09:59:50.9493|INFO|Controllers.SubmissionController|/Submission/GetQuestion - Group(test), Name(test2.pdf), Question(3))
2024-07-24 10:04:08.7498|INFO|Controllers.SubmissionController|/Submission/GetSubmission - Group(test, Name(blank.pdf))
2024-07-24 10:04:08.7498|INFO|Controllers.SubmissionController|/Submission/GetFilledQuestion - Group(test), Name(blank.pdf)
2024-07-24 10:04:09.8743|INFO|Controllers.SubmissionController|/Submission/GetFilledQuestion - Group(test), Name(test2.pdf)
2024-07-24 10:04:09.8743|INFO|Controllers.SubmissionController|/Submission/GetSubmission - Group(test, Name(test2.pdf))
2024-07-24 10:08:25.9860|INFO|Controllers.SubmissionController|/Submission/TxtNames - Group(DemoGroup)
2024-07-24 10:08:28.6169|INFO|Controllers.SubmissionController|/Submission/TxtNames - Group(fixed)
2024-07-24 10:08:29.4944|INFO|Controllers.SubmissionController|/Submission/TxtNames - Group(newerGroup)
2024-07-24 10:08:30.6450|INFO|Controllers.SubmissionController|/Submission/TxtNames - Group(NewGroup)
2024-07-24 10:08:31.5806|INFO|Controllers.SubmissionController|/Submission/TxtNames - Group(newerGroup)
2024-07-24 10:08:32.3358|INFO|Controllers.SubmissionController|/Submission/TxtNames - Group(fixed)
2024-07-24 10:08:33.1386|INFO|Controllers.SubmissionController|/Submission/TxtNames - Group(DemoGroup)
2024-07-24 10:08:33.9398|INFO|Controllers.SubmissionController|/Submission/TxtNames - Group(test)
2024-07-24 10:08:55.6626|INFO|Controllers.SubmissionController|/Submission/GetSubmission - Group(test, Name(test3.pdf))
2024-07-24 10:08:55.6626|INFO|Controllers.SubmissionController|/Submission/GetFilledQuestion - Group(test), Name(test3.pdf)
2024-07-24 10:09:53.5494|INFO|Controllers.SubmissionController|/Submission/GroupNames
2024-07-24 10:09:57.5427|INFO|Controllers.SubmissionController|/Submission/TxtNames - Group(test)
2024-07-24 10:09:58.3593|INFO|Controllers.SubmissionController|/Submission/GetFilledQuestion - Group(test), Name(test2.pdf)
2024-07-24 10:09:58.3593|INFO|Controllers.SubmissionController|/Submission/GetSubmission - Group(test, Name(test2.pdf))
2024-07-24 10:17:06.4471|INFO|Controllers.SubmissionController|/Submission/GroupNames
2024-07-24 10:18:09.3921|INFO|Controllers.SubmissionController|/Submission/GroupNames
2024-07-24 10:19:28.5529|INFO|Controllers.SubmissionController|/Submission/GroupNames
2024-07-24 10:20:08.1248|INFO|Controllers.SubmissionController|/Submission/GroupNames
2024-07-24 10:29:54.0026|INFO|Controllers.SubmissionController|/Submission/GroupNames
2024-07-24 10:29:56.1344|INFO|Controllers.SubmissionController|/Submission/TxtNames - Group(test)
2024-07-24 10:29:57.1587|INFO|Controllers.SubmissionController|/Submission/GetFilledQuestion - Group(test), Name(test3.pdf)
2024-07-24 10:29:57.1588|INFO|Controllers.SubmissionController|/Submission/GetSubmission - Group(test, Name(test3.pdf))
2024-07-24 10:32:24.5668|INFO|Controllers.SubmissionController|/Submission/GroupNames
2024-07-24 10:32:26.9973|INFO|Controllers.SubmissionController|/Submission/TxtNames - Group(newerGroup)
2024-07-24 10:32:27.8514|INFO|Controllers.SubmissionController|/Submission/GetSubmission - Group(newerGroup, Name(test2.pdf))
2024-07-24 10:32:27.8514|INFO|Controllers.SubmissionController|/Submission/GetFilledQuestion - Group(newerGroup), Name(test2.pdf)
2024-07-24 10:32:31.6303|INFO|Controllers.SearchController|/Search/FindMatches - Group(newerGroup), Name(test2.pdf), Pattern(since), Limit(1)
2024-07-24 10:32:38.6456|INFO|Controllers.SearchController|/Search/FindMatches - Group(newerGroup), Name(test2.pdf), Pattern(falling), Limit(2)
2024-07-24 10:32:45.2754|INFO|Controllers.SearchController|/Search/FindMatches - Group(newerGroup), Name(test2.pdf), Pattern(outside), Limit(2)
2024-07-24 10:32:47.6628|INFO|Controllers.SearchController|/Search/FindMatches - Group(newerGroup), Name(test2.pdf), Pattern(outside), Limit(2)
2024-07-24 10:32:47.6628|INFO|Controllers.SubmissionController|/Submission/GetQuestion - Group(newerGroup), Name(test2.pdf), Question(2))
2024-07-24 10:32:48.6544|INFO|Controllers.SubmissionController|/Submission/GetQuestion - Group(newerGroup), Name(test2.pdf), Question(1))
2024-07-24 10:32:49.5637|INFO|Controllers.SubmissionController|/Submission/GetFilledQuestion - Group(newerGroup), Name(test3.pdf)
2024-07-24 10:32:49.5647|INFO|Controllers.SubmissionController|/Submission/GetSubmission - Group(newerGroup, Name(test3.pdf))
2024-07-24 10:32:50.4728|INFO|Controllers.SubmissionController|/Submission/GetQuestion - Group(newerGroup), Name(test3.pdf), Question(2))
2024-07-24 10:32:51.1920|INFO|Controllers.SubmissionController|/Submission/GetQuestion - Group(newerGroup), Name(test3.pdf), Question(1))
2024-07-24 10:56:46.7490|INFO|Controllers.SubmissionController|/Submission/GroupNames
2024-07-24 10:56:48.7254|INFO|Controllers.SubmissionController|/Submission/TxtNames - Group(test)
2024-07-24 10:56:53.1996|INFO|Controllers.SubmissionController|/Submission/GetFilledQuestion - Group(test), Name(test3.pdf)
2024-07-24 10:56:53.1996|INFO|Controllers.SubmissionController|/Submission/GetSubmission - Group(test, Name(test3.pdf))
2024-07-24 11:02:53.1657|INFO|Controllers.SubmissionController|/Submission/GroupNames
2024-07-24 11:02:57.4331|INFO|Controllers.SubmissionController|/Submission/TxtNames - Group(fixed)
2024-07-24 11:02:58.5876|INFO|Controllers.SubmissionController|/Submission/GetFilledQuestion - Group(fixed), Name(test2.pdf)
2024-07-24 11:02:58.5877|INFO|Controllers.SubmissionController|/Submission/GetSubmission - Group(fixed, Name(test2.pdf))
2024-07-24 12:27:10.3871|INFO|Controllers.SubmissionController|/Submission/GroupNames
2024-07-24 12:27:12.2739|INFO|Controllers.SubmissionController|/Submission/TxtNames - Group(fixed)
2024-07-24 12:27:13.5236|INFO|Controllers.SubmissionController|/Submission/GetFilledQuestion - Group(fixed), Name(test2.pdf)
2024-07-24 12:27:13.5236|INFO|Controllers.SubmissionController|/Submission/GetSubmission - Group(fixed, Name(test2.pdf))
2024-07-24 12:35:13.4573|INFO|Controllers.SubmissionController|/Submission/TxtNames - Group(test)
2024-07-24 12:35:14.5981|INFO|Controllers.SubmissionController|/Submission/TxtNames - Group(fixed)
2024-07-24 12:35:15.1059|INFO|Controllers.SubmissionController|/Submission/TxtNames - Group(NewGroup)
2024-07-24 12:35:16.2027|INFO|Controllers.SubmissionController|/Submission/TxtNames - Group(fixed)
2024-07-24 12:35:16.6527|INFO|Controllers.SubmissionController|/Submission/TxtNames - Group(DemoGroup)
2024-07-24 12:35:17.1029|INFO|Controllers.SubmissionController|/Submission/TxtNames - Group(test)
2024-07-24 12:35:18.1043|INFO|Controllers.SubmissionController|/Submission/GetFilledQuestion - Group(test), Name(test2.pdf)
2024-07-24 12:35:18.1055|INFO|Controllers.SubmissionController|/Submission/GetSubmission - Group(test, Name(test2.pdf))
2024-07-24 12:35:19.0352|INFO|Controllers.SubmissionController|/Submission/GetFilledQuestion - Group(test), Name(test3.pdf)
2024-07-24 12:35:19.0352|INFO|Controllers.SubmissionController|/Submission/GetSubmission - Group(test, Name(test3.pdf))
2024-07-24 12:35:19.5619|INFO|Controllers.SubmissionController|/Submission/TxtNames - Group(fixed)
2024-07-24 12:38:21.1187|INFO|Controllers.SubmissionController|/Submission/GetFilledQuestion - Group(fixed), Name(test2.pdf)
2024-07-24 12:38:21.1187|INFO|Controllers.SubmissionController|/Submission/GetSubmission - Group(fixed, Name(test2.pdf))
2024-07-24 12:38:22.2251|INFO|Controllers.SubmissionController|/Submission/GetQuestion - Group(fixed), Name(test2.pdf), Question(2))
2024-07-24 12:42:48.5087|INFO|Controllers.SubmissionController|/Submission/GroupNames
2024-07-24 12:43:07.0485|INFO|Controllers.SubmissionController|/Submission/TxtNames - Group(fixed)
2024-07-24 12:43:07.8965|INFO|Controllers.SubmissionController|/Submission/GetSubmission - Group(fixed, Name(test2.pdf))
2024-07-24 12:43:07.8965|INFO|Controllers.SubmissionController|/Submission/GetFilledQuestion - Group(fixed), Name(test2.pdf)
2024-07-24 12:55:11.3485|INFO|Controllers.SubmissionController|/Submission/GroupNames
2024-07-24 12:55:13.0226|INFO|Controllers.SubmissionController|/Submission/TxtNames - Group(fixed)
2024-07-24 12:55:13.9595|INFO|Controllers.SubmissionController|/Submission/GetFilledQuestion - Group(fixed), Name(test2.pdf)
2024-07-24 12:55:13.9599|INFO|Controllers.SubmissionController|/Submission/GetSubmission - Group(fixed, Name(test2.pdf))
2024-07-24 12:58:31.5591|INFO|Controllers.SubmissionController|/Submission/GroupNames
2024-07-24 12:58:33.3947|INFO|Controllers.SubmissionController|/Submission/TxtNames - Group(fixed)
2024-07-24 12:58:34.6979|INFO|Controllers.SubmissionController|/Submission/GetSubmission - Group(fixed, Name(test2.pdf))
2024-07-24 12:58:34.6979|INFO|Controllers.SubmissionController|/Submission/GetFilledQuestion - Group(fixed), Name(test2.pdf)
2024-07-24 13:00:16.1762|INFO|Controllers.SubmissionController|/Submission/GroupNames
2024-07-24 13:00:20.4351|INFO|Controllers.SubmissionController|/Submission/TxtNames - Group(test)
2024-07-24 13:00:21.6427|INFO|Controllers.SubmissionController|/Submission/GetFilledQuestion - Group(test), Name(test2.pdf)
2024-07-24 13:00:21.6437|INFO|Controllers.SubmissionController|/Submission/GetSubmission - Group(test, Name(test2.pdf))
2024-07-24 13:02:53.0389|INFO|Controllers.SubmissionController|/Submission/GetSubmission - Group(test, Name(test2.pdf))
2024-07-24 13:02:53.0387|INFO|Controllers.SubmissionController|/Submission/GetFilledQuestion - Group(test), Name(test2.pdf)
2024-07-24 13:09:07.3528|INFO|Controllers.SubmissionController|/Submission/GetQuestion - Group(test), Name(test2.pdf), Question(2))
2024-07-24 13:15:55.3535|INFO|Controllers.SubmissionController|/Submission/GroupNames
2024-07-24 13:16:13.6517|INFO|Controllers.SubmissionController|/Submission/TxtNames - Group(DemoGroup)
2024-07-24 13:16:14.3981|INFO|Controllers.SubmissionController|/Submission/GetFilledQuestion - Group(DemoGroup), Name(test2.pdf)
2024-07-24 13:16:14.3996|INFO|Controllers.SubmissionController|/Submission/GetSubmission - Group(DemoGroup, Name(test2.pdf))
2024-07-24 13:18:01.1975|INFO|Controllers.SubmissionController|/Submission/GroupNames
2024-07-24 13:18:08.5255|INFO|Controllers.SubmissionController|/Submission/TxtNames - Group(fixed)
2024-07-24 13:18:09.5132|INFO|Controllers.SubmissionController|/Submission/GetSubmission - Group(fixed, Name(test2.pdf))
2024-07-24 13:18:09.5132|INFO|Controllers.SubmissionController|/Submission/GetFilledQuestion - Group(fixed), Name(test2.pdf)
2024-07-24 13:18:14.4217|INFO|Controllers.SubmissionController|/Submission/GetQuestion - Group(fixed), Name(test2.pdf), Question(2))
2024-07-24 13:18:19.5034|INFO|Controllers.SubmissionController|/Submission/GetQuestion - Group(fixed), Name(test2.pdf), Question(3))
2024-07-24 13:31:16.2115|INFO|Controllers.SubmissionController|/Submission/GroupNames
2024-07-24 13:31:17.6203|INFO|Controllers.SubmissionController|/Submission/TxtNames - Group(test)
2024-07-24 13:31:18.6025|INFO|Controllers.SubmissionController|/Submission/GetSubmission - Group(test, Name(test3.pdf))
2024-07-24 13:31:18.6029|INFO|Controllers.SubmissionController|/Submission/GetFilledQuestion - Group(test), Name(test3.pdf)
2024-07-24 13:31:23.0389|INFO|Controllers.SubmissionController|/Submission/GetQuestion - Group(test), Name(test3.pdf), Question(1))
2024-07-24 13:31:27.7669|INFO|Controllers.SubmissionController|/Submission/GetQuestion - Group(test), Name(test3.pdf), Question(2))
2024-07-24 13:31:34.7763|INFO|Controllers.SubmissionController|/Submission/TxtNames - Group(fixed)
2024-07-24 13:31:36.0055|INFO|Controllers.SubmissionController|/Submission/GetFilledQuestion - Group(fixed), Name(test2.pdf)
2024-07-24 13:31:36.0055|INFO|Controllers.SubmissionController|/Submission/GetSubmission - Group(fixed, Name(test2.pdf))
2024-07-24 13:50:29.7030|INFO|Controllers.SubmissionController|/Submission/GetQuestion - Group(fixed), Name(test2.pdf), Question(2))
2024-07-24 13:50:36.2724|INFO|Controllers.SubmissionController|/Submission/TxtNames - Group(DemoGroup)
2024-07-24 16:01:02.0924|INFO|Controllers.SubmissionController|/Submission/GroupNames
2024-07-24 16:01:08.9491|INFO|Controllers.SubmissionController|/Submission/TxtNames - Group(test)
2024-07-24 16:01:10.6451|INFO|Controllers.SubmissionController|/Submission/GetFilledQuestion - Group(test), Name(test2.pdf)
2024-07-24 16:01:10.6461|INFO|Controllers.SubmissionController|/Submission/GetSubmission - Group(test, Name(test2.pdf))
2024-07-24 16:01:17.5174|INFO|Controllers.SubmissionController|/Submission/GetQuestion - Group(test), Name(test2.pdf), Question(2))
2024-07-24 16:01:19.5609|INFO|Controllers.SubmissionController|/Submission/GetQuestion - Group(test), Name(test2.pdf), Question(3))
2024-07-24 16:01:22.2865|INFO|Controllers.SearchController|/Search/FindMatches - Group(test), Name(test2.pdf), Pattern(will), Limit(1)
2024-07-24 16:11:38.2693|INFO|Controllers.SubmissionController|/Submission/GetFilledQuestion - Group(test), Name(test3.pdf)
2024-07-24 16:11:38.2693|INFO|Controllers.SubmissionController|/Submission/GetSubmission - Group(test, Name(test3.pdf))
2024-07-24 16:12:09.2005|INFO|Controllers.SubmissionController|/Submission/GetFilledQuestion - Group(test), Name(test2.pdf)
2024-07-24 16:12:09.2005|INFO|Controllers.SubmissionController|/Submission/GetSubmission - Group(test, Name(test2.pdf))
2024-07-24 16:12:49.5840|INFO|Controllers.SubmissionController|/Submission/GetSubmission - Group(test, Name(test2.pdf))
2024-07-24 16:12:49.5840|INFO|Controllers.SubmissionController|/Submission/GetFilledQuestion - Group(test), Name(test2.pdf)
2024-07-24 16:19:33.3468|INFO|Controllers.SubmissionController|/Submission/GetSubmission - Group(test, Name(blank.pdf))
2024-07-24 16:19:33.3468|INFO|Controllers.SubmissionController|/Submission/GetFilledQuestion - Group(test), Name(blank.pdf)
2024-07-24 16:19:33.9229|INFO|Controllers.SubmissionController|/Submission/GetFilledQuestion - Group(test), Name(test2.pdf)
2024-07-24 16:19:33.9230|INFO|Controllers.SubmissionController|/Submission/GetSubmission - Group(test, Name(test2.pdf))
2024-07-24 16:19:34.9876|INFO|Controllers.SubmissionController|/Submission/GetQuestion - Group(test), Name(test2.pdf), Question(2))
2024-07-24 16:19:35.8361|INFO|Controllers.SubmissionController|/Submission/GetQuestion - Group(test), Name(test2.pdf), Question(3))
